[2021-07-30 10:57:35.605] INFO  ContextLoader.initWebApplicationContext(ContextLoader.java:270) - Root WebApplicationContext: initialization started
[2021-07-30 10:57:35.695] INFO  AbstractApplicationContext.prepareRefresh(AbstractApplicationContext.java:590) - Refreshing Root WebApplicationContext: startup date [Fri Jul 30 10:57:35 KST 2021]; root of context hierarchy
[2021-07-30 10:57:35.762] INFO  XmlBeanDefinitionReader.loadBeanDefinitions(XmlBeanDefinitionReader.java:316) - Loading XML bean definitions from ServletContext resource [/WEB-INF/spring/root-context.xml]
[2021-07-30 10:57:36.429] INFO  ContextLoader.initWebApplicationContext(ContextLoader.java:310) - Root WebApplicationContext: initialization completed in 820 ms
[2021-07-30 10:57:36.488] INFO  FrameworkServlet.initServletBean(FrameworkServlet.java:494) - FrameworkServlet 'appServlet': initialization started
[2021-07-30 10:57:36.492] INFO  AbstractApplicationContext.prepareRefresh(AbstractApplicationContext.java:590) - Refreshing WebApplicationContext for namespace 'appServlet-servlet': startup date [Fri Jul 30 10:57:36 KST 2021]; parent: Root WebApplicationContext
[2021-07-30 10:57:36.493] INFO  XmlBeanDefinitionReader.loadBeanDefinitions(XmlBeanDefinitionReader.java:316) - Loading XML bean definitions from ServletContext resource [/WEB-INF/spring/appServlet/servlet-context.xml]
[2021-07-30 10:57:37.251] INFO  XmlBeanDefinitionReader.loadBeanDefinitions(XmlBeanDefinitionReader.java:316) - Loading XML bean definitions from ServletContext resource [/WEB-INF/spring/appServlet/spring-security.xml]
[2021-07-30 10:57:37.373] INFO  AutowiredAnnotationBeanPostProcessor.<init>(AutowiredAnnotationBeanPostProcessor.java:153) - JSR-330 'javax.inject.Inject' annotation found and supported for autowiring
[2021-07-30 10:57:37.639] INFO  AbstractHandlerMethodMapping$MappingRegistry.register(AbstractHandlerMethodMapping.java:547) - Mapped "{[/index.do]}" onto public java.lang.String com.suitup.controller.SuitUpController.index(org.springframework.ui.Model,java.lang.String)
[2021-07-30 10:57:37.641] INFO  AbstractHandlerMethodMapping$MappingRegistry.register(AbstractHandlerMethodMapping.java:547) - Mapped "{[/register.do]}" onto public org.springframework.web.servlet.ModelAndView com.suitup.controller.SuitUpController.register(com.suitup.domain.SuitUpCustomerVO,org.springframework.ui.Model)
[2021-07-30 10:57:37.641] INFO  AbstractHandlerMethodMapping$MappingRegistry.register(AbstractHandlerMethodMapping.java:547) - Mapped "{[/searchPage.do]}" onto public void com.suitup.controller.SuitUpController.search(com.suitup.domain.SuitUpProductVO,org.springframework.ui.Model)
[2021-07-30 10:57:37.642] INFO  AbstractHandlerMethodMapping$MappingRegistry.register(AbstractHandlerMethodMapping.java:547) - Mapped "{[/logout.do]}" onto public java.lang.String com.suitup.controller.SuitUpController.logout(javax.servlet.http.HttpServletResponse,javax.servlet.http.HttpSession,javax.servlet.http.HttpServletRequest)
[2021-07-30 10:57:37.643] INFO  AbstractHandlerMethodMapping$MappingRegistry.register(AbstractHandlerMethodMapping.java:547) - Mapped "{[/login.do],produces=[application/text;charset=UTF-8]}" onto public java.lang.String com.suitup.controller.SuitUpController.login(com.suitup.domain.SuitUpCustomerVO,javax.servlet.http.HttpSession,javax.servlet.http.HttpServletResponse)
[2021-07-30 10:57:37.643] INFO  AbstractHandlerMethodMapping$MappingRegistry.register(AbstractHandlerMethodMapping.java:547) - Mapped "{[/checkout.do]}" onto public java.lang.String com.suitup.controller.SuitUpController.checkout(org.springframework.ui.Model,javax.servlet.http.HttpServletRequest,javax.servlet.http.HttpSession)
[2021-07-30 10:57:37.644] INFO  AbstractHandlerMethodMapping$MappingRegistry.register(AbstractHandlerMethodMapping.java:547) - Mapped "{[/insertOrder.do]}" onto public java.lang.String com.suitup.controller.SuitUpController.insertOrder(java.lang.String,java.lang.String,java.lang.String,java.lang.String,org.springframework.ui.Model,javax.servlet.http.HttpServletRequest,javax.servlet.http.HttpSession)
[2021-07-30 10:57:37.644] INFO  AbstractHandlerMethodMapping$MappingRegistry.register(AbstractHandlerMethodMapping.java:547) - Mapped "{[/dropCart.do]}" onto public java.lang.String com.suitup.controller.SuitUpController.deleteCart(java.lang.String,java.lang.String,java.lang.String,org.springframework.ui.Model)
[2021-07-30 10:57:37.645] INFO  AbstractHandlerMethodMapping$MappingRegistry.register(AbstractHandlerMethodMapping.java:547) - Mapped "{[/my-page-cart.do]}" onto public java.lang.String com.suitup.controller.SuitUpController.cart(org.springframework.ui.Model,javax.servlet.http.HttpServletRequest,javax.servlet.http.HttpSession)
[2021-07-30 10:57:37.645] INFO  AbstractHandlerMethodMapping$MappingRegistry.register(AbstractHandlerMethodMapping.java:547) - Mapped "{[/{url}.do]}" onto public java.lang.String com.suitup.controller.SuitUpController.viewPage(java.lang.String,org.springframework.ui.Model)
[2021-07-30 10:57:37.646] INFO  AbstractHandlerMethodMapping$MappingRegistry.register(AbstractHandlerMethodMapping.java:547) - Mapped "{[/changeCart.do],produces=[application/text;charset=UTF-8]}" onto public java.lang.String com.suitup.controller.SuitUpController.changeCart(com.suitup.domain.SuitUpCartVO)
[2021-07-30 10:57:37.646] INFO  AbstractHandlerMethodMapping$MappingRegistry.register(AbstractHandlerMethodMapping.java:547) - Mapped "{[/shop.do]}" onto public void com.suitup.controller.SuitUpController.shop(org.springframework.ui.Model,com.suitup.domain.SuitUpProductVO)
[2021-07-30 10:57:37.647] INFO  AbstractHandlerMethodMapping$MappingRegistry.register(AbstractHandlerMethodMapping.java:547) - Mapped "{[/idCheck.do],produces=[application/text;charset=UTF-8]}" onto public java.lang.String com.suitup.controller.SuitUpController.idCheck(com.suitup.domain.SuitUpCustomerVO)
[2021-07-30 10:57:37.647] INFO  AbstractHandlerMethodMapping$MappingRegistry.register(AbstractHandlerMethodMapping.java:547) - Mapped "{[/product-save.do],methods=[POST]}" onto public java.lang.String com.suitup.controller.SuitUpController.productSave(org.springframework.ui.Model,com.suitup.domain.SuitUpProductVO,javax.servlet.http.HttpServletRequest,javax.servlet.http.HttpSession)
[2021-07-30 10:57:37.648] INFO  AbstractHandlerMethodMapping$MappingRegistry.register(AbstractHandlerMethodMapping.java:547) - Mapped "{[/productDelete],methods=[POST]}" onto public java.lang.String com.suitup.controller.SuitUpController.productDelete(javax.servlet.http.HttpServletRequest,org.springframework.ui.Model)
[2021-07-30 10:57:37.648] INFO  AbstractHandlerMethodMapping$MappingRegistry.register(AbstractHandlerMethodMapping.java:547) - Mapped "{[/my-page-modify.do]}" onto public void com.suitup.controller.SuitUpController.memberModify(org.springframework.ui.Model,javax.servlet.http.HttpServletRequest,javax.servlet.http.HttpSession)
[2021-07-30 10:57:37.648] INFO  AbstractHandlerMethodMapping$MappingRegistry.register(AbstractHandlerMethodMapping.java:547) - Mapped "{[/popularity-shop.do]}" onto public void com.suitup.controller.SuitUpController.popular(org.springframework.ui.Model,java.lang.String)
[2021-07-30 10:57:37.649] INFO  AbstractHandlerMethodMapping$MappingRegistry.register(AbstractHandlerMethodMapping.java:547) - Mapped "{[/my-page.do]}" onto public java.lang.String com.suitup.controller.SuitUpController.history(org.springframework.ui.Model,javax.servlet.http.HttpServletRequest,javax.servlet.http.HttpSession,java.lang.String)
[2021-07-30 10:57:37.649] INFO  AbstractHandlerMethodMapping$MappingRegistry.register(AbstractHandlerMethodMapping.java:547) - Mapped "{[/jusoPopup.do]}" onto public java.lang.String com.suitup.controller.SuitUpController.zipcode() throws java.lang.Exception
[2021-07-30 10:57:37.649] INFO  AbstractHandlerMethodMapping$MappingRegistry.register(AbstractHandlerMethodMapping.java:547) - Mapped "{[/productModify],methods=[POST]}" onto public java.lang.String com.suitup.controller.SuitUpController.productModify(javax.servlet.http.HttpServletRequest,org.springframework.ui.Model,com.suitup.domain.SuitUpProductVO)
[2021-07-30 10:57:37.650] INFO  AbstractHandlerMethodMapping$MappingRegistry.register(AbstractHandlerMethodMapping.java:547) - Mapped "{[/product-list.do]}" onto public void com.suitup.controller.SuitUpController.adminlist(org.springframework.ui.Model)
[2021-07-30 10:57:37.651] INFO  AbstractHandlerMethodMapping$MappingRegistry.register(AbstractHandlerMethodMapping.java:547) - Mapped "{[/product-insert.do]}" onto public void com.suitup.controller.SuitUpController.productinsert(org.springframework.ui.Model)
[2021-07-30 10:57:37.651] INFO  AbstractHandlerMethodMapping$MappingRegistry.register(AbstractHandlerMethodMapping.java:547) - Mapped "{[/product.do]}" onto public java.lang.String com.suitup.controller.SuitUpController.productDetails(com.suitup.domain.SuitUpProductVO,org.springframework.ui.Model,javax.servlet.http.HttpServletRequest,javax.servlet.http.HttpSession)
[2021-07-30 10:57:37.659] INFO  AbstractHandlerMethodMapping$MappingRegistry.register(AbstractHandlerMethodMapping.java:547) - Mapped "{[/memModify.do]}" onto public org.springframework.web.servlet.ModelAndView com.suitup.controller.SuitUpController.memModifiy(org.springframework.web.servlet.ModelAndView,com.suitup.domain.SuitUpCustomerVO)
[2021-07-30 10:57:37.660] INFO  AbstractHandlerMethodMapping$MappingRegistry.register(AbstractHandlerMethodMapping.java:547) - Mapped "{[/modify-review.do]}" onto public java.lang.String com.suitup.controller.SuitUpController.modifyReview(com.suitup.domain.SuitUpCommentVO,javax.servlet.http.HttpServletRequest,javax.servlet.http.HttpSession,org.springframework.ui.Model)
[2021-07-30 10:57:37.660] INFO  AbstractHandlerMethodMapping$MappingRegistry.register(AbstractHandlerMethodMapping.java:547) - Mapped "{[/my-page-wishlist.do]}" onto public java.lang.String com.suitup.controller.SuitUpController.wishList(org.springframework.ui.Model,javax.servlet.http.HttpServletRequest,javax.servlet.http.HttpSession)
[2021-07-30 10:57:37.661] INFO  AbstractHandlerMethodMapping$MappingRegistry.register(AbstractHandlerMethodMapping.java:547) - Mapped "{[/pwdModify.do],produces=[application/text;charset=UTF-8]}" onto public java.lang.String com.suitup.controller.SuitUpController.pwdModify(com.suitup.domain.SuitUpCustomerVO)
[2021-07-30 10:57:37.661] INFO  AbstractHandlerMethodMapping$MappingRegistry.register(AbstractHandlerMethodMapping.java:547) - Mapped "{[/insertWish.do],produces=[application/text;charset=UTF-8]}" onto public java.lang.String com.suitup.controller.SuitUpController.insertWish(com.suitup.domain.SuitUpWishVO)
[2021-07-30 10:57:37.662] INFO  AbstractHandlerMethodMapping$MappingRegistry.register(AbstractHandlerMethodMapping.java:547) - Mapped "{[/myDelete.do],produces=[application/text;charset=UTF-8]}" onto public java.lang.String com.suitup.controller.SuitUpController.myDelete(com.suitup.domain.SuitUpCustomerVO,javax.servlet.http.HttpServletResponse,javax.servlet.http.HttpSession,javax.servlet.http.HttpServletRequest)
[2021-07-30 10:57:37.662] INFO  AbstractHandlerMethodMapping$MappingRegistry.register(AbstractHandlerMethodMapping.java:547) - Mapped "{[/admin-chart.do],methods=[GET]}" onto public java.lang.String com.suitup.controller.SuitUpController.getMonthSum(org.springframework.ui.Model)
[2021-07-30 10:57:37.663] INFO  AbstractHandlerMethodMapping$MappingRegistry.register(AbstractHandlerMethodMapping.java:547) - Mapped "{[/admin-order.do || /admin-delivery.do || /admin-delivery-ok.do]}" onto public java.lang.String com.suitup.controller.SuitUpController.orderInfo(org.springframework.ui.Model,com.suitup.domain.SuitUpOrderVO,javax.servlet.http.HttpServletRequest)
[2021-07-30 10:57:37.664] INFO  AbstractHandlerMethodMapping$MappingRegistry.register(AbstractHandlerMethodMapping.java:547) - Mapped "{[/insertCart.do]}" onto public java.lang.String com.suitup.controller.SuitUpController.insertCart(com.suitup.domain.SuitUpCartVO,javax.servlet.http.HttpServletRequest,javax.servlet.http.HttpSession)
[2021-07-30 10:57:37.664] INFO  AbstractHandlerMethodMapping$MappingRegistry.register(AbstractHandlerMethodMapping.java:547) - Mapped "{[/deliveryStart.do],produces=[application/text;charset=UTF-8]}" onto public java.lang.String com.suitup.controller.SuitUpController.deliveryStart(com.suitup.domain.SuitUpOrderVO)
[2021-07-30 10:57:37.664] INFO  AbstractHandlerMethodMapping$MappingRegistry.register(AbstractHandlerMethodMapping.java:547) - Mapped "{[/pwdReset.do],produces=[application/text;charset=UTF-8]}" onto public java.lang.String com.suitup.controller.SuitUpController.pwdReset(com.suitup.domain.SuitUpCustomerVO)
[2021-07-30 10:57:37.665] INFO  AbstractHandlerMethodMapping$MappingRegistry.register(AbstractHandlerMethodMapping.java:547) - Mapped "{[/pwdModifyOk.do],produces=[application/text;charset=UTF-8]}" onto public java.lang.String com.suitup.controller.SuitUpController.pwdModifyOk(com.suitup.domain.SuitUpCustomerVO)
[2021-07-30 10:57:37.665] INFO  AbstractHandlerMethodMapping$MappingRegistry.register(AbstractHandlerMethodMapping.java:547) - Mapped "{[/insertReview.do]}" onto public java.lang.String com.suitup.controller.SuitUpController.insertReview(com.suitup.domain.SuitUpCommentVO,javax.servlet.http.HttpServletRequest,javax.servlet.http.HttpSession)
[2021-07-30 10:57:37.666] INFO  AbstractHandlerMethodMapping$MappingRegistry.register(AbstractHandlerMethodMapping.java:547) - Mapped "{[/deleteReview.do]}" onto public java.lang.String com.suitup.controller.SuitUpController.deleteReview(com.suitup.domain.SuitUpCommentVO)
[2021-07-30 10:57:37.666] INFO  AbstractHandlerMethodMapping$MappingRegistry.register(AbstractHandlerMethodMapping.java:547) - Mapped "{[/deliveryEnd.do],produces=[application/text;charset=UTF-8]}" onto public java.lang.String com.suitup.controller.SuitUpController.deliveryEnd(com.suitup.domain.SuitUpOrderVO)
[2021-07-30 10:57:37.666] INFO  AbstractHandlerMethodMapping$MappingRegistry.register(AbstractHandlerMethodMapping.java:547) - Mapped "{[/admin-table.do]}" onto public java.lang.String com.suitup.controller.SuitUpController.customerInfo(org.springframework.ui.Model)
[2021-07-30 10:57:37.666] INFO  AbstractHandlerMethodMapping$MappingRegistry.register(AbstractHandlerMethodMapping.java:547) - Mapped "{[/dropWishlist.do],produces=[application/text;charset=UTF-8]}" onto public java.lang.String com.suitup.controller.SuitUpController.dropWishlist(com.suitup.domain.SuitUpWishVO)
[2021-07-30 10:57:37.667] INFO  AbstractHandlerMethodMapping$MappingRegistry.register(AbstractHandlerMethodMapping.java:547) - Mapped "{[/updateComment.do]}" onto public java.lang.String com.suitup.controller.SuitUpController.updateComment(com.suitup.domain.SuitUpCommentVO,javax.servlet.http.HttpServletRequest,javax.servlet.http.HttpSession)
[2021-07-30 10:57:37.667] INFO  AbstractHandlerMethodMapping$MappingRegistry.register(AbstractHandlerMethodMapping.java:547) - Mapped "{[/deleteWish.do],produces=[application/text;charset=UTF-8]}" onto public java.lang.String com.suitup.controller.SuitUpController.deleteWish(com.suitup.domain.SuitUpWishVO)
[2021-07-30 10:57:37.667] INFO  AbstractHandlerMethodMapping$MappingRegistry.register(AbstractHandlerMethodMapping.java:547) - Mapped "{[/deleteCartlist.do],produces=[application/text;charset=UTF-8]}" onto public java.lang.String com.suitup.controller.SuitUpController.deleteCartlist(com.suitup.domain.SuitUpCartVO)
[2021-07-30 10:57:37.668] INFO  AbstractHandlerMethodMapping$MappingRegistry.register(AbstractHandlerMethodMapping.java:547) - Mapped "{[/product-modify.do]}" onto public java.lang.String com.suitup.controller.SuitUpController.productModifypage(javax.servlet.http.HttpServletRequest,org.springframework.web.servlet.mvc.support.RedirectAttributes,com.suitup.domain.SuitUpProductVO,org.springframework.ui.Model)
[2021-07-30 10:57:37.763] INFO  RequestMappingHandlerAdapter.initControllerAdviceCache(RequestMappingHandlerAdapter.java:574) - Looking for @ControllerAdvice: WebApplicationContext for namespace 'appServlet-servlet': startup date [Fri Jul 30 10:57:36 KST 2021]; parent: Root WebApplicationContext
[2021-07-30 10:57:37.820] INFO  RequestMappingHandlerAdapter.initControllerAdviceCache(RequestMappingHandlerAdapter.java:574) - Looking for @ControllerAdvice: WebApplicationContext for namespace 'appServlet-servlet': startup date [Fri Jul 30 10:57:36 KST 2021]; parent: Root WebApplicationContext
[2021-07-30 10:57:37.881] INFO  AbstractUrlHandlerMapping.registerHandler(AbstractUrlHandlerMapping.java:373) - Mapped URL path [/resources/**] onto handler 'org.springframework.web.servlet.resource.ResourceHttpRequestHandler#0'
[2021-07-30 10:57:37.970] INFO  FrameworkServlet.initServletBean(FrameworkServlet.java:509) - FrameworkServlet 'appServlet': initialization completed in 1481 ms
[2021-07-30 10:57:40.092] WARN  DispatcherServlet.noHandlerFound(DispatcherServlet.java:1205) - No mapping found for HTTP request with URI [/Suitup/images/icons/thum3.png] in DispatcherServlet with name 'appServlet'
[2021-07-30 10:57:40.092] WARN  DispatcherServlet.noHandlerFound(DispatcherServlet.java:1205) - No mapping found for HTTP request with URI [/Suitup/images/icons/thum4.png] in DispatcherServlet with name 'appServlet'
[2021-07-30 10:57:40.092] WARN  DispatcherServlet.noHandlerFound(DispatcherServlet.java:1205) - No mapping found for HTTP request with URI [/Suitup/images/icons/thum5.png] in DispatcherServlet with name 'appServlet'
[2021-07-30 10:57:40.092] WARN  DispatcherServlet.noHandlerFound(DispatcherServlet.java:1205) - No mapping found for HTTP request with URI [/Suitup/images/feature-img/2.png] in DispatcherServlet with name 'appServlet'
[2021-07-30 10:57:40.092] WARN  DispatcherServlet.noHandlerFound(DispatcherServlet.java:1205) - No mapping found for HTTP request with URI [/Suitup/images/feature-img/5.jpg] in DispatcherServlet with name 'appServlet'
[2021-07-30 10:57:40.092] WARN  DispatcherServlet.noHandlerFound(DispatcherServlet.java:1205) - No mapping found for HTTP request with URI [/Suitup/images/icons/thum2.png] in DispatcherServlet with name 'appServlet'
[2021-07-30 10:57:40.124] WARN  DispatcherServlet.noHandlerFound(DispatcherServlet.java:1205) - No mapping found for HTTP request with URI [/Suitup/images/icons/thum6.png] in DispatcherServlet with name 'appServlet'
[2021-07-30 11:28:58.052] WARN  DispatcherServlet.noHandlerFound(DispatcherServlet.java:1205) - No mapping found for HTTP request with URI [/Suitup/images/icons/thum2.png] in DispatcherServlet with name 'appServlet'
[2021-07-30 11:28:58.054] WARN  DispatcherServlet.noHandlerFound(DispatcherServlet.java:1205) - No mapping found for HTTP request with URI [/Suitup/images/icons/thum3.png] in DispatcherServlet with name 'appServlet'
[2021-07-30 11:28:58.099] WARN  DispatcherServlet.noHandlerFound(DispatcherServlet.java:1205) - No mapping found for HTTP request with URI [/Suitup/images/icons/thum4.png] in DispatcherServlet with name 'appServlet'
[2021-07-30 11:28:58.100] WARN  DispatcherServlet.noHandlerFound(DispatcherServlet.java:1205) - No mapping found for HTTP request with URI [/Suitup/images/icons/thum5.png] in DispatcherServlet with name 'appServlet'
[2021-07-30 11:28:58.099] WARN  DispatcherServlet.noHandlerFound(DispatcherServlet.java:1205) - No mapping found for HTTP request with URI [/Suitup/images/feature-img/5.jpg] in DispatcherServlet with name 'appServlet'
[2021-07-30 11:28:58.100] WARN  DispatcherServlet.noHandlerFound(DispatcherServlet.java:1205) - No mapping found for HTTP request with URI [/Suitup/images/feature-img/2.png] in DispatcherServlet with name 'appServlet'
[2021-07-30 11:28:58.100] WARN  DispatcherServlet.noHandlerFound(DispatcherServlet.java:1205) - No mapping found for HTTP request with URI [/Suitup/images/icons/thum6.png] in DispatcherServlet with name 'appServlet'
[2021-07-30 11:33:05.073] INFO  AbstractApplicationContext.doClose(AbstractApplicationContext.java:993) - Closing WebApplicationContext for namespace 'appServlet-servlet': startup date [Fri Jul 30 10:57:36 KST 2021]; parent: Root WebApplicationContext
[2021-07-30 11:33:05.082] INFO  AbstractApplicationContext.doClose(AbstractApplicationContext.java:993) - Closing Root WebApplicationContext: startup date [Fri Jul 30 10:57:35 KST 2021]; root of context hierarchy
[2021-07-30 11:33:06.158] INFO  ContextLoader.initWebApplicationContext(ContextLoader.java:270) - Root WebApplicationContext: initialization started
[2021-07-30 11:33:06.234] INFO  AbstractApplicationContext.prepareRefresh(AbstractApplicationContext.java:590) - Refreshing Root WebApplicationContext: startup date [Fri Jul 30 11:33:06 KST 2021]; root of context hierarchy
[2021-07-30 11:33:06.301] INFO  XmlBeanDefinitionReader.loadBeanDefinitions(XmlBeanDefinitionReader.java:316) - Loading XML bean definitions from ServletContext resource [/WEB-INF/spring/root-context.xml]
[2021-07-30 11:33:06.738] INFO  ContextLoader.initWebApplicationContext(ContextLoader.java:310) - Root WebApplicationContext: initialization completed in 578 ms
[2021-07-30 11:33:06.777] INFO  FrameworkServlet.initServletBean(FrameworkServlet.java:494) - FrameworkServlet 'appServlet': initialization started
[2021-07-30 11:33:06.779] INFO  AbstractApplicationContext.prepareRefresh(AbstractApplicationContext.java:590) - Refreshing WebApplicationContext for namespace 'appServlet-servlet': startup date [Fri Jul 30 11:33:06 KST 2021]; parent: Root WebApplicationContext
[2021-07-30 11:33:06.779] INFO  XmlBeanDefinitionReader.loadBeanDefinitions(XmlBeanDefinitionReader.java:316) - Loading XML bean definitions from ServletContext resource [/WEB-INF/spring/appServlet/servlet-context.xml]
[2021-07-30 11:33:07.395] INFO  XmlBeanDefinitionReader.loadBeanDefinitions(XmlBeanDefinitionReader.java:316) - Loading XML bean definitions from ServletContext resource [/WEB-INF/spring/appServlet/spring-security.xml]
[2021-07-30 11:33:07.500] INFO  AutowiredAnnotationBeanPostProcessor.<init>(AutowiredAnnotationBeanPostProcessor.java:153) - JSR-330 'javax.inject.Inject' annotation found and supported for autowiring
[2021-07-30 11:33:07.706] INFO  AbstractHandlerMethodMapping$MappingRegistry.register(AbstractHandlerMethodMapping.java:547) - Mapped "{[/index.do]}" onto public java.lang.String com.suitup.controller.SuitUpController.index(org.springframework.ui.Model,java.lang.String)
[2021-07-30 11:33:07.707] INFO  AbstractHandlerMethodMapping$MappingRegistry.register(AbstractHandlerMethodMapping.java:547) - Mapped "{[/register.do]}" onto public org.springframework.web.servlet.ModelAndView com.suitup.controller.SuitUpController.register(com.suitup.domain.SuitUpCustomerVO,org.springframework.ui.Model)
[2021-07-30 11:33:07.708] INFO  AbstractHandlerMethodMapping$MappingRegistry.register(AbstractHandlerMethodMapping.java:547) - Mapped "{[/searchPage.do]}" onto public void com.suitup.controller.SuitUpController.search(com.suitup.domain.SuitUpProductVO,org.springframework.ui.Model)
[2021-07-30 11:33:07.708] INFO  AbstractHandlerMethodMapping$MappingRegistry.register(AbstractHandlerMethodMapping.java:547) - Mapped "{[/logout.do]}" onto public java.lang.String com.suitup.controller.SuitUpController.logout(javax.servlet.http.HttpServletResponse,javax.servlet.http.HttpSession,javax.servlet.http.HttpServletRequest)
[2021-07-30 11:33:07.709] INFO  AbstractHandlerMethodMapping$MappingRegistry.register(AbstractHandlerMethodMapping.java:547) - Mapped "{[/login.do],produces=[application/text;charset=UTF-8]}" onto public java.lang.String com.suitup.controller.SuitUpController.login(com.suitup.domain.SuitUpCustomerVO,javax.servlet.http.HttpSession,javax.servlet.http.HttpServletResponse)
[2021-07-30 11:33:07.709] INFO  AbstractHandlerMethodMapping$MappingRegistry.register(AbstractHandlerMethodMapping.java:547) - Mapped "{[/checkout.do]}" onto public java.lang.String com.suitup.controller.SuitUpController.checkout(org.springframework.ui.Model,javax.servlet.http.HttpServletRequest,javax.servlet.http.HttpSession)
[2021-07-30 11:33:07.709] INFO  AbstractHandlerMethodMapping$MappingRegistry.register(AbstractHandlerMethodMapping.java:547) - Mapped "{[/insertOrder.do]}" onto public java.lang.String com.suitup.controller.SuitUpController.insertOrder(java.lang.String,java.lang.String,java.lang.String,java.lang.String,org.springframework.ui.Model,javax.servlet.http.HttpServletRequest,javax.servlet.http.HttpSession)
[2021-07-30 11:33:07.709] INFO  AbstractHandlerMethodMapping$MappingRegistry.register(AbstractHandlerMethodMapping.java:547) - Mapped "{[/dropCart.do]}" onto public java.lang.String com.suitup.controller.SuitUpController.deleteCart(java.lang.String,java.lang.String,java.lang.String,org.springframework.ui.Model)
[2021-07-30 11:33:07.710] INFO  AbstractHandlerMethodMapping$MappingRegistry.register(AbstractHandlerMethodMapping.java:547) - Mapped "{[/my-page-cart.do]}" onto public java.lang.String com.suitup.controller.SuitUpController.cart(org.springframework.ui.Model,javax.servlet.http.HttpServletRequest,javax.servlet.http.HttpSession)
[2021-07-30 11:33:07.710] INFO  AbstractHandlerMethodMapping$MappingRegistry.register(AbstractHandlerMethodMapping.java:547) - Mapped "{[/{url}.do]}" onto public java.lang.String com.suitup.controller.SuitUpController.viewPage(java.lang.String,org.springframework.ui.Model)
[2021-07-30 11:33:07.710] INFO  AbstractHandlerMethodMapping$MappingRegistry.register(AbstractHandlerMethodMapping.java:547) - Mapped "{[/changeCart.do],produces=[application/text;charset=UTF-8]}" onto public java.lang.String com.suitup.controller.SuitUpController.changeCart(com.suitup.domain.SuitUpCartVO)
[2021-07-30 11:33:07.710] INFO  AbstractHandlerMethodMapping$MappingRegistry.register(AbstractHandlerMethodMapping.java:547) - Mapped "{[/shop.do]}" onto public void com.suitup.controller.SuitUpController.shop(org.springframework.ui.Model,com.suitup.domain.SuitUpProductVO)
[2021-07-30 11:33:07.711] INFO  AbstractHandlerMethodMapping$MappingRegistry.register(AbstractHandlerMethodMapping.java:547) - Mapped "{[/idCheck.do],produces=[application/text;charset=UTF-8]}" onto public java.lang.String com.suitup.controller.SuitUpController.idCheck(com.suitup.domain.SuitUpCustomerVO)
[2021-07-30 11:33:07.711] INFO  AbstractHandlerMethodMapping$MappingRegistry.register(AbstractHandlerMethodMapping.java:547) - Mapped "{[/product-save.do],methods=[POST]}" onto public java.lang.String com.suitup.controller.SuitUpController.productSave(org.springframework.ui.Model,com.suitup.domain.SuitUpProductVO,javax.servlet.http.HttpServletRequest,javax.servlet.http.HttpSession)
[2021-07-30 11:33:07.711] INFO  AbstractHandlerMethodMapping$MappingRegistry.register(AbstractHandlerMethodMapping.java:547) - Mapped "{[/productDelete],methods=[POST]}" onto public java.lang.String com.suitup.controller.SuitUpController.productDelete(javax.servlet.http.HttpServletRequest,org.springframework.ui.Model)
[2021-07-30 11:33:07.711] INFO  AbstractHandlerMethodMapping$MappingRegistry.register(AbstractHandlerMethodMapping.java:547) - Mapped "{[/my-page-modify.do]}" onto public void com.suitup.controller.SuitUpController.memberModify(org.springframework.ui.Model,javax.servlet.http.HttpServletRequest,javax.servlet.http.HttpSession)
[2021-07-30 11:33:07.711] INFO  AbstractHandlerMethodMapping$MappingRegistry.register(AbstractHandlerMethodMapping.java:547) - Mapped "{[/popularity-shop.do]}" onto public void com.suitup.controller.SuitUpController.popular(org.springframework.ui.Model,java.lang.String)
[2021-07-30 11:33:07.712] INFO  AbstractHandlerMethodMapping$MappingRegistry.register(AbstractHandlerMethodMapping.java:547) - Mapped "{[/my-page.do]}" onto public java.lang.String com.suitup.controller.SuitUpController.history(org.springframework.ui.Model,javax.servlet.http.HttpServletRequest,javax.servlet.http.HttpSession,java.lang.String)
[2021-07-30 11:33:07.712] INFO  AbstractHandlerMethodMapping$MappingRegistry.register(AbstractHandlerMethodMapping.java:547) - Mapped "{[/jusoPopup.do]}" onto public java.lang.String com.suitup.controller.SuitUpController.zipcode() throws java.lang.Exception
[2021-07-30 11:33:07.712] INFO  AbstractHandlerMethodMapping$MappingRegistry.register(AbstractHandlerMethodMapping.java:547) - Mapped "{[/productModify],methods=[POST]}" onto public java.lang.String com.suitup.controller.SuitUpController.productModify(javax.servlet.http.HttpServletRequest,org.springframework.ui.Model,com.suitup.domain.SuitUpProductVO)
[2021-07-30 11:33:07.712] INFO  AbstractHandlerMethodMapping$MappingRegistry.register(AbstractHandlerMethodMapping.java:547) - Mapped "{[/product-list.do]}" onto public void com.suitup.controller.SuitUpController.adminlist(org.springframework.ui.Model)
[2021-07-30 11:33:07.713] INFO  AbstractHandlerMethodMapping$MappingRegistry.register(AbstractHandlerMethodMapping.java:547) - Mapped "{[/product-insert.do]}" onto public void com.suitup.controller.SuitUpController.productinsert(org.springframework.ui.Model)
[2021-07-30 11:33:07.713] INFO  AbstractHandlerMethodMapping$MappingRegistry.register(AbstractHandlerMethodMapping.java:547) - Mapped "{[/product.do]}" onto public java.lang.String com.suitup.controller.SuitUpController.productDetails(com.suitup.domain.SuitUpProductVO,org.springframework.ui.Model,javax.servlet.http.HttpServletRequest,javax.servlet.http.HttpSession)
[2021-07-30 11:33:07.713] INFO  AbstractHandlerMethodMapping$MappingRegistry.register(AbstractHandlerMethodMapping.java:547) - Mapped "{[/memModify.do]}" onto public org.springframework.web.servlet.ModelAndView com.suitup.controller.SuitUpController.memModifiy(org.springframework.web.servlet.ModelAndView,com.suitup.domain.SuitUpCustomerVO)
[2021-07-30 11:33:07.713] INFO  AbstractHandlerMethodMapping$MappingRegistry.register(AbstractHandlerMethodMapping.java:547) - Mapped "{[/modify-review.do]}" onto public java.lang.String com.suitup.controller.SuitUpController.modifyReview(com.suitup.domain.SuitUpCommentVO,javax.servlet.http.HttpServletRequest,javax.servlet.http.HttpSession,org.springframework.ui.Model)
[2021-07-30 11:33:07.714] INFO  AbstractHandlerMethodMapping$MappingRegistry.register(AbstractHandlerMethodMapping.java:547) - Mapped "{[/my-page-wishlist.do]}" onto public java.lang.String com.suitup.controller.SuitUpController.wishList(org.springframework.ui.Model,javax.servlet.http.HttpServletRequest,javax.servlet.http.HttpSession)
[2021-07-30 11:33:07.714] INFO  AbstractHandlerMethodMapping$MappingRegistry.register(AbstractHandlerMethodMapping.java:547) - Mapped "{[/pwdModify.do],produces=[application/text;charset=UTF-8]}" onto public java.lang.String com.suitup.controller.SuitUpController.pwdModify(com.suitup.domain.SuitUpCustomerVO)
[2021-07-30 11:33:07.714] INFO  AbstractHandlerMethodMapping$MappingRegistry.register(AbstractHandlerMethodMapping.java:547) - Mapped "{[/insertWish.do],produces=[application/text;charset=UTF-8]}" onto public java.lang.String com.suitup.controller.SuitUpController.insertWish(com.suitup.domain.SuitUpWishVO)
[2021-07-30 11:33:07.714] INFO  AbstractHandlerMethodMapping$MappingRegistry.register(AbstractHandlerMethodMapping.java:547) - Mapped "{[/myDelete.do],produces=[application/text;charset=UTF-8]}" onto public java.lang.String com.suitup.controller.SuitUpController.myDelete(com.suitup.domain.SuitUpCustomerVO,javax.servlet.http.HttpServletResponse,javax.servlet.http.HttpSession,javax.servlet.http.HttpServletRequest)
[2021-07-30 11:33:07.714] INFO  AbstractHandlerMethodMapping$MappingRegistry.register(AbstractHandlerMethodMapping.java:547) - Mapped "{[/admin-chart.do],methods=[GET]}" onto public java.lang.String com.suitup.controller.SuitUpController.getMonthSum(org.springframework.ui.Model)
[2021-07-30 11:33:07.715] INFO  AbstractHandlerMethodMapping$MappingRegistry.register(AbstractHandlerMethodMapping.java:547) - Mapped "{[/admin-order.do || /admin-delivery.do || /admin-delivery-ok.do]}" onto public java.lang.String com.suitup.controller.SuitUpController.orderInfo(org.springframework.ui.Model,com.suitup.domain.SuitUpOrderVO,javax.servlet.http.HttpServletRequest)
[2021-07-30 11:33:07.715] INFO  AbstractHandlerMethodMapping$MappingRegistry.register(AbstractHandlerMethodMapping.java:547) - Mapped "{[/insertCart.do]}" onto public java.lang.String com.suitup.controller.SuitUpController.insertCart(com.suitup.domain.SuitUpCartVO,javax.servlet.http.HttpServletRequest,javax.servlet.http.HttpSession)
[2021-07-30 11:33:07.715] INFO  AbstractHandlerMethodMapping$MappingRegistry.register(AbstractHandlerMethodMapping.java:547) - Mapped "{[/deliveryStart.do],produces=[application/text;charset=UTF-8]}" onto public java.lang.String com.suitup.controller.SuitUpController.deliveryStart(com.suitup.domain.SuitUpOrderVO)
[2021-07-30 11:33:07.715] INFO  AbstractHandlerMethodMapping$MappingRegistry.register(AbstractHandlerMethodMapping.java:547) - Mapped "{[/pwdReset.do],produces=[application/text;charset=UTF-8]}" onto public java.lang.String com.suitup.controller.SuitUpController.pwdReset(com.suitup.domain.SuitUpCustomerVO)
[2021-07-30 11:33:07.716] INFO  AbstractHandlerMethodMapping$MappingRegistry.register(AbstractHandlerMethodMapping.java:547) - Mapped "{[/pwdModifyOk.do],produces=[application/text;charset=UTF-8]}" onto public java.lang.String com.suitup.controller.SuitUpController.pwdModifyOk(com.suitup.domain.SuitUpCustomerVO)
[2021-07-30 11:33:07.716] INFO  AbstractHandlerMethodMapping$MappingRegistry.register(AbstractHandlerMethodMapping.java:547) - Mapped "{[/insertReview.do]}" onto public java.lang.String com.suitup.controller.SuitUpController.insertReview(com.suitup.domain.SuitUpCommentVO,javax.servlet.http.HttpServletRequest,javax.servlet.http.HttpSession)
[2021-07-30 11:33:07.716] INFO  AbstractHandlerMethodMapping$MappingRegistry.register(AbstractHandlerMethodMapping.java:547) - Mapped "{[/deleteReview.do]}" onto public java.lang.String com.suitup.controller.SuitUpController.deleteReview(com.suitup.domain.SuitUpCommentVO)
[2021-07-30 11:33:07.716] INFO  AbstractHandlerMethodMapping$MappingRegistry.register(AbstractHandlerMethodMapping.java:547) - Mapped "{[/deliveryEnd.do],produces=[application/text;charset=UTF-8]}" onto public java.lang.String com.suitup.controller.SuitUpController.deliveryEnd(com.suitup.domain.SuitUpOrderVO)
[2021-07-30 11:33:07.716] INFO  AbstractHandlerMethodMapping$MappingRegistry.register(AbstractHandlerMethodMapping.java:547) - Mapped "{[/admin-table.do]}" onto public java.lang.String com.suitup.controller.SuitUpController.customerInfo(org.springframework.ui.Model)
[2021-07-30 11:33:07.717] INFO  AbstractHandlerMethodMapping$MappingRegistry.register(AbstractHandlerMethodMapping.java:547) - Mapped "{[/dropWishlist.do],produces=[application/text;charset=UTF-8]}" onto public java.lang.String com.suitup.controller.SuitUpController.dropWishlist(com.suitup.domain.SuitUpWishVO)
[2021-07-30 11:33:07.717] INFO  AbstractHandlerMethodMapping$MappingRegistry.register(AbstractHandlerMethodMapping.java:547) - Mapped "{[/updateComment.do]}" onto public java.lang.String com.suitup.controller.SuitUpController.updateComment(com.suitup.domain.SuitUpCommentVO,javax.servlet.http.HttpServletRequest,javax.servlet.http.HttpSession)
[2021-07-30 11:33:07.717] INFO  AbstractHandlerMethodMapping$MappingRegistry.register(AbstractHandlerMethodMapping.java:547) - Mapped "{[/deleteWish.do],produces=[application/text;charset=UTF-8]}" onto public java.lang.String com.suitup.controller.SuitUpController.deleteWish(com.suitup.domain.SuitUpWishVO)
[2021-07-30 11:33:07.717] INFO  AbstractHandlerMethodMapping$MappingRegistry.register(AbstractHandlerMethodMapping.java:547) - Mapped "{[/deleteCartlist.do],produces=[application/text;charset=UTF-8]}" onto public java.lang.String com.suitup.controller.SuitUpController.deleteCartlist(com.suitup.domain.SuitUpCartVO)
[2021-07-30 11:33:07.717] INFO  AbstractHandlerMethodMapping$MappingRegistry.register(AbstractHandlerMethodMapping.java:547) - Mapped "{[/product-modify.do]}" onto public java.lang.String com.suitup.controller.SuitUpController.productModifypage(javax.servlet.http.HttpServletRequest,org.springframework.web.servlet.mvc.support.RedirectAttributes,com.suitup.domain.SuitUpProductVO,org.springframework.ui.Model)
[2021-07-30 11:33:07.800] INFO  RequestMappingHandlerAdapter.initControllerAdviceCache(RequestMappingHandlerAdapter.java:574) - Looking for @ControllerAdvice: WebApplicationContext for namespace 'appServlet-servlet': startup date [Fri Jul 30 11:33:06 KST 2021]; parent: Root WebApplicationContext
[2021-07-30 11:33:07.857] INFO  RequestMappingHandlerAdapter.initControllerAdviceCache(RequestMappingHandlerAdapter.java:574) - Looking for @ControllerAdvice: WebApplicationContext for namespace 'appServlet-servlet': startup date [Fri Jul 30 11:33:06 KST 2021]; parent: Root WebApplicationContext
[2021-07-30 11:33:07.918] INFO  AbstractUrlHandlerMapping.registerHandler(AbstractUrlHandlerMapping.java:373) - Mapped URL path [/resources/**] onto handler 'org.springframework.web.servlet.resource.ResourceHttpRequestHandler#0'
[2021-07-30 11:33:08.022] INFO  FrameworkServlet.initServletBean(FrameworkServlet.java:509) - FrameworkServlet 'appServlet': initialization completed in 1245 ms
[2021-07-30 11:41:45.615] WARN  DispatcherServlet.noHandlerFound(DispatcherServlet.java:1205) - No mapping found for HTTP request with URI [/Suitup/images/icons/thum2.png] in DispatcherServlet with name 'appServlet'
[2021-07-30 11:41:45.618] WARN  DispatcherServlet.noHandlerFound(DispatcherServlet.java:1205) - No mapping found for HTTP request with URI [/Suitup/images/icons/thum3.png] in DispatcherServlet with name 'appServlet'
[2021-07-30 11:41:45.654] WARN  DispatcherServlet.noHandlerFound(DispatcherServlet.java:1205) - No mapping found for HTTP request with URI [/Suitup/images/feature-img/5.jpg] in DispatcherServlet with name 'appServlet'
[2021-07-30 11:41:45.654] WARN  DispatcherServlet.noHandlerFound(DispatcherServlet.java:1205) - No mapping found for HTTP request with URI [/Suitup/images/icons/thum4.png] in DispatcherServlet with name 'appServlet'
[2021-07-30 11:41:45.656] WARN  DispatcherServlet.noHandlerFound(DispatcherServlet.java:1205) - No mapping found for HTTP request with URI [/Suitup/images/icons/thum6.png] in DispatcherServlet with name 'appServlet'
[2021-07-30 11:41:45.656] WARN  DispatcherServlet.noHandlerFound(DispatcherServlet.java:1205) - No mapping found for HTTP request with URI [/Suitup/images/icons/thum5.png] in DispatcherServlet with name 'appServlet'
[2021-07-30 11:41:45.656] WARN  DispatcherServlet.noHandlerFound(DispatcherServlet.java:1205) - No mapping found for HTTP request with URI [/Suitup/images/feature-img/2.png] in DispatcherServlet with name 'appServlet'
[2021-07-30 11:42:26.623] INFO  AbstractApplicationContext.doClose(AbstractApplicationContext.java:993) - Closing WebApplicationContext for namespace 'appServlet-servlet': startup date [Fri Jul 30 11:33:06 KST 2021]; parent: Root WebApplicationContext
[2021-07-30 11:42:26.627] INFO  AbstractApplicationContext.doClose(AbstractApplicationContext.java:993) - Closing Root WebApplicationContext: startup date [Fri Jul 30 11:33:06 KST 2021]; root of context hierarchy
[2021-07-30 11:42:27.560] INFO  ContextLoader.initWebApplicationContext(ContextLoader.java:270) - Root WebApplicationContext: initialization started
[2021-07-30 11:42:27.634] INFO  AbstractApplicationContext.prepareRefresh(AbstractApplicationContext.java:590) - Refreshing Root WebApplicationContext: startup date [Fri Jul 30 11:42:27 KST 2021]; root of context hierarchy
[2021-07-30 11:42:27.691] INFO  XmlBeanDefinitionReader.loadBeanDefinitions(XmlBeanDefinitionReader.java:316) - Loading XML bean definitions from ServletContext resource [/WEB-INF/spring/root-context.xml]
[2021-07-30 11:42:28.152] INFO  ContextLoader.initWebApplicationContext(ContextLoader.java:310) - Root WebApplicationContext: initialization completed in 589 ms
[2021-07-30 11:42:28.188] INFO  FrameworkServlet.initServletBean(FrameworkServlet.java:494) - FrameworkServlet 'appServlet': initialization started
[2021-07-30 11:42:28.190] INFO  AbstractApplicationContext.prepareRefresh(AbstractApplicationContext.java:590) - Refreshing WebApplicationContext for namespace 'appServlet-servlet': startup date [Fri Jul 30 11:42:28 KST 2021]; parent: Root WebApplicationContext
[2021-07-30 11:42:28.190] INFO  XmlBeanDefinitionReader.loadBeanDefinitions(XmlBeanDefinitionReader.java:316) - Loading XML bean definitions from ServletContext resource [/WEB-INF/spring/appServlet/servlet-context.xml]
[2021-07-30 11:42:28.867] INFO  XmlBeanDefinitionReader.loadBeanDefinitions(XmlBeanDefinitionReader.java:316) - Loading XML bean definitions from ServletContext resource [/WEB-INF/spring/appServlet/spring-security.xml]
[2021-07-30 11:42:28.972] INFO  AutowiredAnnotationBeanPostProcessor.<init>(AutowiredAnnotationBeanPostProcessor.java:153) - JSR-330 'javax.inject.Inject' annotation found and supported for autowiring
[2021-07-30 11:42:29.194] INFO  AbstractHandlerMethodMapping$MappingRegistry.register(AbstractHandlerMethodMapping.java:547) - Mapped "{[/index.do]}" onto public java.lang.String com.suitup.controller.SuitUpController.index(org.springframework.ui.Model,java.lang.String)
[2021-07-30 11:42:29.195] INFO  AbstractHandlerMethodMapping$MappingRegistry.register(AbstractHandlerMethodMapping.java:547) - Mapped "{[/register.do]}" onto public org.springframework.web.servlet.ModelAndView com.suitup.controller.SuitUpController.register(com.suitup.domain.SuitUpCustomerVO,org.springframework.ui.Model)
[2021-07-30 11:42:29.195] INFO  AbstractHandlerMethodMapping$MappingRegistry.register(AbstractHandlerMethodMapping.java:547) - Mapped "{[/searchPage.do]}" onto public void com.suitup.controller.SuitUpController.search(com.suitup.domain.SuitUpProductVO,org.springframework.ui.Model)
[2021-07-30 11:42:29.195] INFO  AbstractHandlerMethodMapping$MappingRegistry.register(AbstractHandlerMethodMapping.java:547) - Mapped "{[/logout.do]}" onto public java.lang.String com.suitup.controller.SuitUpController.logout(javax.servlet.http.HttpServletResponse,javax.servlet.http.HttpSession,javax.servlet.http.HttpServletRequest)
[2021-07-30 11:42:29.196] INFO  AbstractHandlerMethodMapping$MappingRegistry.register(AbstractHandlerMethodMapping.java:547) - Mapped "{[/login.do],produces=[application/text;charset=UTF-8]}" onto public java.lang.String com.suitup.controller.SuitUpController.login(com.suitup.domain.SuitUpCustomerVO,javax.servlet.http.HttpSession,javax.servlet.http.HttpServletResponse)
[2021-07-30 11:42:29.197] INFO  AbstractHandlerMethodMapping$MappingRegistry.register(AbstractHandlerMethodMapping.java:547) - Mapped "{[/checkout.do]}" onto public java.lang.String com.suitup.controller.SuitUpController.checkout(org.springframework.ui.Model,javax.servlet.http.HttpServletRequest,javax.servlet.http.HttpSession)
[2021-07-30 11:42:29.197] INFO  AbstractHandlerMethodMapping$MappingRegistry.register(AbstractHandlerMethodMapping.java:547) - Mapped "{[/insertOrder.do]}" onto public java.lang.String com.suitup.controller.SuitUpController.insertOrder(java.lang.String,java.lang.String,java.lang.String,java.lang.String,org.springframework.ui.Model,javax.servlet.http.HttpServletRequest,javax.servlet.http.HttpSession)
[2021-07-30 11:42:29.197] INFO  AbstractHandlerMethodMapping$MappingRegistry.register(AbstractHandlerMethodMapping.java:547) - Mapped "{[/dropCart.do]}" onto public java.lang.String com.suitup.controller.SuitUpController.deleteCart(java.lang.String,java.lang.String,java.lang.String,org.springframework.ui.Model)
[2021-07-30 11:42:29.197] INFO  AbstractHandlerMethodMapping$MappingRegistry.register(AbstractHandlerMethodMapping.java:547) - Mapped "{[/my-page-cart.do]}" onto public java.lang.String com.suitup.controller.SuitUpController.cart(org.springframework.ui.Model,javax.servlet.http.HttpServletRequest,javax.servlet.http.HttpSession)
[2021-07-30 11:42:29.197] INFO  AbstractHandlerMethodMapping$MappingRegistry.register(AbstractHandlerMethodMapping.java:547) - Mapped "{[/{url}.do]}" onto public java.lang.String com.suitup.controller.SuitUpController.viewPage(java.lang.String,org.springframework.ui.Model)
[2021-07-30 11:42:29.198] INFO  AbstractHandlerMethodMapping$MappingRegistry.register(AbstractHandlerMethodMapping.java:547) - Mapped "{[/changeCart.do],produces=[application/text;charset=UTF-8]}" onto public java.lang.String com.suitup.controller.SuitUpController.changeCart(com.suitup.domain.SuitUpCartVO)
[2021-07-30 11:42:29.198] INFO  AbstractHandlerMethodMapping$MappingRegistry.register(AbstractHandlerMethodMapping.java:547) - Mapped "{[/shop.do]}" onto public void com.suitup.controller.SuitUpController.shop(org.springframework.ui.Model,com.suitup.domain.SuitUpProductVO)
[2021-07-30 11:42:29.198] INFO  AbstractHandlerMethodMapping$MappingRegistry.register(AbstractHandlerMethodMapping.java:547) - Mapped "{[/idCheck.do],produces=[application/text;charset=UTF-8]}" onto public java.lang.String com.suitup.controller.SuitUpController.idCheck(com.suitup.domain.SuitUpCustomerVO)
[2021-07-30 11:42:29.198] INFO  AbstractHandlerMethodMapping$MappingRegistry.register(AbstractHandlerMethodMapping.java:547) - Mapped "{[/product-save.do],methods=[POST]}" onto public java.lang.String com.suitup.controller.SuitUpController.productSave(org.springframework.ui.Model,com.suitup.domain.SuitUpProductVO,javax.servlet.http.HttpServletRequest,javax.servlet.http.HttpSession)
[2021-07-30 11:42:29.198] INFO  AbstractHandlerMethodMapping$MappingRegistry.register(AbstractHandlerMethodMapping.java:547) - Mapped "{[/productDelete],methods=[POST]}" onto public java.lang.String com.suitup.controller.SuitUpController.productDelete(javax.servlet.http.HttpServletRequest,org.springframework.ui.Model)
[2021-07-30 11:42:29.199] INFO  AbstractHandlerMethodMapping$MappingRegistry.register(AbstractHandlerMethodMapping.java:547) - Mapped "{[/my-page-modify.do]}" onto public void com.suitup.controller.SuitUpController.memberModify(org.springframework.ui.Model,javax.servlet.http.HttpServletRequest,javax.servlet.http.HttpSession)
[2021-07-30 11:42:29.199] INFO  AbstractHandlerMethodMapping$MappingRegistry.register(AbstractHandlerMethodMapping.java:547) - Mapped "{[/popularity-shop.do]}" onto public void com.suitup.controller.SuitUpController.popular(org.springframework.ui.Model,java.lang.String)
[2021-07-30 11:42:29.199] INFO  AbstractHandlerMethodMapping$MappingRegistry.register(AbstractHandlerMethodMapping.java:547) - Mapped "{[/my-page.do]}" onto public java.lang.String com.suitup.controller.SuitUpController.history(org.springframework.ui.Model,javax.servlet.http.HttpServletRequest,javax.servlet.http.HttpSession,java.lang.String)
[2021-07-30 11:42:29.199] INFO  AbstractHandlerMethodMapping$MappingRegistry.register(AbstractHandlerMethodMapping.java:547) - Mapped "{[/jusoPopup.do]}" onto public java.lang.String com.suitup.controller.SuitUpController.zipcode() throws java.lang.Exception
[2021-07-30 11:42:29.199] INFO  AbstractHandlerMethodMapping$MappingRegistry.register(AbstractHandlerMethodMapping.java:547) - Mapped "{[/productModify],methods=[POST]}" onto public java.lang.String com.suitup.controller.SuitUpController.productModify(javax.servlet.http.HttpServletRequest,org.springframework.ui.Model,com.suitup.domain.SuitUpProductVO)
[2021-07-30 11:42:29.200] INFO  AbstractHandlerMethodMapping$MappingRegistry.register(AbstractHandlerMethodMapping.java:547) - Mapped "{[/product-list.do]}" onto public void com.suitup.controller.SuitUpController.adminlist(org.springframework.ui.Model)
[2021-07-30 11:42:29.200] INFO  AbstractHandlerMethodMapping$MappingRegistry.register(AbstractHandlerMethodMapping.java:547) - Mapped "{[/product-insert.do]}" onto public void com.suitup.controller.SuitUpController.productinsert(org.springframework.ui.Model)
[2021-07-30 11:42:29.200] INFO  AbstractHandlerMethodMapping$MappingRegistry.register(AbstractHandlerMethodMapping.java:547) - Mapped "{[/product.do]}" onto public java.lang.String com.suitup.controller.SuitUpController.productDetails(com.suitup.domain.SuitUpProductVO,org.springframework.ui.Model,javax.servlet.http.HttpServletRequest,javax.servlet.http.HttpSession)
[2021-07-30 11:42:29.200] INFO  AbstractHandlerMethodMapping$MappingRegistry.register(AbstractHandlerMethodMapping.java:547) - Mapped "{[/memModify.do]}" onto public org.springframework.web.servlet.ModelAndView com.suitup.controller.SuitUpController.memModifiy(org.springframework.web.servlet.ModelAndView,com.suitup.domain.SuitUpCustomerVO)
[2021-07-30 11:42:29.200] INFO  AbstractHandlerMethodMapping$MappingRegistry.register(AbstractHandlerMethodMapping.java:547) - Mapped "{[/modify-review.do]}" onto public java.lang.String com.suitup.controller.SuitUpController.modifyReview(com.suitup.domain.SuitUpCommentVO,javax.servlet.http.HttpServletRequest,javax.servlet.http.HttpSession,org.springframework.ui.Model)
[2021-07-30 11:42:29.201] INFO  AbstractHandlerMethodMapping$MappingRegistry.register(AbstractHandlerMethodMapping.java:547) - Mapped "{[/my-page-wishlist.do]}" onto public java.lang.String com.suitup.controller.SuitUpController.wishList(org.springframework.ui.Model,javax.servlet.http.HttpServletRequest,javax.servlet.http.HttpSession)
[2021-07-30 11:42:29.201] INFO  AbstractHandlerMethodMapping$MappingRegistry.register(AbstractHandlerMethodMapping.java:547) - Mapped "{[/pwdModify.do],produces=[application/text;charset=UTF-8]}" onto public java.lang.String com.suitup.controller.SuitUpController.pwdModify(com.suitup.domain.SuitUpCustomerVO)
[2021-07-30 11:42:29.201] INFO  AbstractHandlerMethodMapping$MappingRegistry.register(AbstractHandlerMethodMapping.java:547) - Mapped "{[/insertWish.do],produces=[application/text;charset=UTF-8]}" onto public java.lang.String com.suitup.controller.SuitUpController.insertWish(com.suitup.domain.SuitUpWishVO)
[2021-07-30 11:42:29.201] INFO  AbstractHandlerMethodMapping$MappingRegistry.register(AbstractHandlerMethodMapping.java:547) - Mapped "{[/myDelete.do],produces=[application/text;charset=UTF-8]}" onto public java.lang.String com.suitup.controller.SuitUpController.myDelete(com.suitup.domain.SuitUpCustomerVO,javax.servlet.http.HttpServletResponse,javax.servlet.http.HttpSession,javax.servlet.http.HttpServletRequest)
[2021-07-30 11:42:29.202] INFO  AbstractHandlerMethodMapping$MappingRegistry.register(AbstractHandlerMethodMapping.java:547) - Mapped "{[/admin-chart.do],methods=[GET]}" onto public java.lang.String com.suitup.controller.SuitUpController.getMonthSum(org.springframework.ui.Model)
[2021-07-30 11:42:29.202] INFO  AbstractHandlerMethodMapping$MappingRegistry.register(AbstractHandlerMethodMapping.java:547) - Mapped "{[/admin-order.do || /admin-delivery.do || /admin-delivery-ok.do]}" onto public java.lang.String com.suitup.controller.SuitUpController.orderInfo(org.springframework.ui.Model,com.suitup.domain.SuitUpOrderVO,javax.servlet.http.HttpServletRequest)
[2021-07-30 11:42:29.202] INFO  AbstractHandlerMethodMapping$MappingRegistry.register(AbstractHandlerMethodMapping.java:547) - Mapped "{[/insertCart.do]}" onto public java.lang.String com.suitup.controller.SuitUpController.insertCart(com.suitup.domain.SuitUpCartVO,javax.servlet.http.HttpServletRequest,javax.servlet.http.HttpSession)
[2021-07-30 11:42:29.202] INFO  AbstractHandlerMethodMapping$MappingRegistry.register(AbstractHandlerMethodMapping.java:547) - Mapped "{[/deliveryStart.do],produces=[application/text;charset=UTF-8]}" onto public java.lang.String com.suitup.controller.SuitUpController.deliveryStart(com.suitup.domain.SuitUpOrderVO)
[2021-07-30 11:42:29.202] INFO  AbstractHandlerMethodMapping$MappingRegistry.register(AbstractHandlerMethodMapping.java:547) - Mapped "{[/pwdReset.do],produces=[application/text;charset=UTF-8]}" onto public java.lang.String com.suitup.controller.SuitUpController.pwdReset(com.suitup.domain.SuitUpCustomerVO)
[2021-07-30 11:42:29.203] INFO  AbstractHandlerMethodMapping$MappingRegistry.register(AbstractHandlerMethodMapping.java:547) - Mapped "{[/pwdModifyOk.do],produces=[application/text;charset=UTF-8]}" onto public java.lang.String com.suitup.controller.SuitUpController.pwdModifyOk(com.suitup.domain.SuitUpCustomerVO)
[2021-07-30 11:42:29.203] INFO  AbstractHandlerMethodMapping$MappingRegistry.register(AbstractHandlerMethodMapping.java:547) - Mapped "{[/insertReview.do]}" onto public java.lang.String com.suitup.controller.SuitUpController.insertReview(com.suitup.domain.SuitUpCommentVO,javax.servlet.http.HttpServletRequest,javax.servlet.http.HttpSession)
[2021-07-30 11:42:29.203] INFO  AbstractHandlerMethodMapping$MappingRegistry.register(AbstractHandlerMethodMapping.java:547) - Mapped "{[/deleteReview.do]}" onto public java.lang.String com.suitup.controller.SuitUpController.deleteReview(com.suitup.domain.SuitUpCommentVO)
[2021-07-30 11:42:29.203] INFO  AbstractHandlerMethodMapping$MappingRegistry.register(AbstractHandlerMethodMapping.java:547) - Mapped "{[/deliveryEnd.do],produces=[application/text;charset=UTF-8]}" onto public java.lang.String com.suitup.controller.SuitUpController.deliveryEnd(com.suitup.domain.SuitUpOrderVO)
[2021-07-30 11:42:29.203] INFO  AbstractHandlerMethodMapping$MappingRegistry.register(AbstractHandlerMethodMapping.java:547) - Mapped "{[/admin-table.do]}" onto public java.lang.String com.suitup.controller.SuitUpController.customerInfo(org.springframework.ui.Model)
[2021-07-30 11:42:29.204] INFO  AbstractHandlerMethodMapping$MappingRegistry.register(AbstractHandlerMethodMapping.java:547) - Mapped "{[/dropWishlist.do],produces=[application/text;charset=UTF-8]}" onto public java.lang.String com.suitup.controller.SuitUpController.dropWishlist(com.suitup.domain.SuitUpWishVO)
[2021-07-30 11:42:29.204] INFO  AbstractHandlerMethodMapping$MappingRegistry.register(AbstractHandlerMethodMapping.java:547) - Mapped "{[/updateComment.do]}" onto public java.lang.String com.suitup.controller.SuitUpController.updateComment(com.suitup.domain.SuitUpCommentVO,javax.servlet.http.HttpServletRequest,javax.servlet.http.HttpSession)
[2021-07-30 11:42:29.204] INFO  AbstractHandlerMethodMapping$MappingRegistry.register(AbstractHandlerMethodMapping.java:547) - Mapped "{[/deleteWish.do],produces=[application/text;charset=UTF-8]}" onto public java.lang.String com.suitup.controller.SuitUpController.deleteWish(com.suitup.domain.SuitUpWishVO)
[2021-07-30 11:42:29.204] INFO  AbstractHandlerMethodMapping$MappingRegistry.register(AbstractHandlerMethodMapping.java:547) - Mapped "{[/deleteCartlist.do],produces=[application/text;charset=UTF-8]}" onto public java.lang.String com.suitup.controller.SuitUpController.deleteCartlist(com.suitup.domain.SuitUpCartVO)
[2021-07-30 11:42:29.204] INFO  AbstractHandlerMethodMapping$MappingRegistry.register(AbstractHandlerMethodMapping.java:547) - Mapped "{[/product-modify.do]}" onto public java.lang.String com.suitup.controller.SuitUpController.productModifypage(javax.servlet.http.HttpServletRequest,org.springframework.web.servlet.mvc.support.RedirectAttributes,com.suitup.domain.SuitUpProductVO,org.springframework.ui.Model)
[2021-07-30 11:42:29.302] INFO  RequestMappingHandlerAdapter.initControllerAdviceCache(RequestMappingHandlerAdapter.java:574) - Looking for @ControllerAdvice: WebApplicationContext for namespace 'appServlet-servlet': startup date [Fri Jul 30 11:42:28 KST 2021]; parent: Root WebApplicationContext
[2021-07-30 11:42:29.354] INFO  RequestMappingHandlerAdapter.initControllerAdviceCache(RequestMappingHandlerAdapter.java:574) - Looking for @ControllerAdvice: WebApplicationContext for namespace 'appServlet-servlet': startup date [Fri Jul 30 11:42:28 KST 2021]; parent: Root WebApplicationContext
[2021-07-30 11:42:29.409] INFO  AbstractUrlHandlerMapping.registerHandler(AbstractUrlHandlerMapping.java:373) - Mapped URL path [/resources/**] onto handler 'org.springframework.web.servlet.resource.ResourceHttpRequestHandler#0'
[2021-07-30 11:42:29.497] INFO  FrameworkServlet.initServletBean(FrameworkServlet.java:509) - FrameworkServlet 'appServlet': initialization completed in 1309 ms
[2021-07-30 11:58:19.390] WARN  DispatcherServlet.noHandlerFound(DispatcherServlet.java:1205) - No mapping found for HTTP request with URI [/Suitup/images/icons/thum2.png] in DispatcherServlet with name 'appServlet'
[2021-07-30 11:58:19.439] WARN  DispatcherServlet.noHandlerFound(DispatcherServlet.java:1205) - No mapping found for HTTP request with URI [/Suitup/images/feature-img/5.jpg] in DispatcherServlet with name 'appServlet'
[2021-07-30 11:58:19.439] WARN  DispatcherServlet.noHandlerFound(DispatcherServlet.java:1205) - No mapping found for HTTP request with URI [/Suitup/images/icons/thum4.png] in DispatcherServlet with name 'appServlet'
[2021-07-30 11:58:19.439] WARN  DispatcherServlet.noHandlerFound(DispatcherServlet.java:1205) - No mapping found for HTTP request with URI [/Suitup/images/icons/thum3.png] in DispatcherServlet with name 'appServlet'
[2021-07-30 11:58:19.440] WARN  DispatcherServlet.noHandlerFound(DispatcherServlet.java:1205) - No mapping found for HTTP request with URI [/Suitup/images/icons/thum6.png] in DispatcherServlet with name 'appServlet'
[2021-07-30 11:58:19.440] WARN  DispatcherServlet.noHandlerFound(DispatcherServlet.java:1205) - No mapping found for HTTP request with URI [/Suitup/images/feature-img/2.png] in DispatcherServlet with name 'appServlet'
[2021-07-30 11:58:19.440] WARN  DispatcherServlet.noHandlerFound(DispatcherServlet.java:1205) - No mapping found for HTTP request with URI [/Suitup/images/icons/thum5.png] in DispatcherServlet with name 'appServlet'
[2021-07-30 11:58:22.090] WARN  DispatcherServlet.noHandlerFound(DispatcherServlet.java:1205) - No mapping found for HTTP request with URI [/Suitup/images/icons/thum2.png] in DispatcherServlet with name 'appServlet'
[2021-07-30 11:58:22.095] WARN  DispatcherServlet.noHandlerFound(DispatcherServlet.java:1205) - No mapping found for HTTP request with URI [/Suitup/images/icons/thum3.png] in DispatcherServlet with name 'appServlet'
[2021-07-30 11:58:22.128] WARN  DispatcherServlet.noHandlerFound(DispatcherServlet.java:1205) - No mapping found for HTTP request with URI [/Suitup/images/feature-img/5.jpg] in DispatcherServlet with name 'appServlet'
[2021-07-30 11:58:22.128] WARN  DispatcherServlet.noHandlerFound(DispatcherServlet.java:1205) - No mapping found for HTTP request with URI [/Suitup/images/feature-img/2.png] in DispatcherServlet with name 'appServlet'
[2021-07-30 11:58:22.128] WARN  DispatcherServlet.noHandlerFound(DispatcherServlet.java:1205) - No mapping found for HTTP request with URI [/Suitup/images/icons/thum5.png] in DispatcherServlet with name 'appServlet'
[2021-07-30 11:58:22.128] WARN  DispatcherServlet.noHandlerFound(DispatcherServlet.java:1205) - No mapping found for HTTP request with URI [/Suitup/images/icons/thum4.png] in DispatcherServlet with name 'appServlet'
[2021-07-30 11:58:22.129] WARN  DispatcherServlet.noHandlerFound(DispatcherServlet.java:1205) - No mapping found for HTTP request with URI [/Suitup/images/icons/thum6.png] in DispatcherServlet with name 'appServlet'
[2021-07-30 12:40:05.874] INFO  ContextLoader.initWebApplicationContext(ContextLoader.java:270) - Root WebApplicationContext: initialization started
[2021-07-30 12:40:05.961] INFO  AbstractApplicationContext.prepareRefresh(AbstractApplicationContext.java:590) - Refreshing Root WebApplicationContext: startup date [Fri Jul 30 12:40:05 KST 2021]; root of context hierarchy
[2021-07-30 12:40:06.052] INFO  XmlBeanDefinitionReader.loadBeanDefinitions(XmlBeanDefinitionReader.java:316) - Loading XML bean definitions from ServletContext resource [/WEB-INF/spring/root-context.xml]
[2021-07-30 12:40:06.818] INFO  ContextLoader.initWebApplicationContext(ContextLoader.java:310) - Root WebApplicationContext: initialization completed in 941 ms
[2021-07-30 12:40:06.864] INFO  FrameworkServlet.initServletBean(FrameworkServlet.java:494) - FrameworkServlet 'appServlet': initialization started
[2021-07-30 12:40:06.867] INFO  AbstractApplicationContext.prepareRefresh(AbstractApplicationContext.java:590) - Refreshing WebApplicationContext for namespace 'appServlet-servlet': startup date [Fri Jul 30 12:40:06 KST 2021]; parent: Root WebApplicationContext
[2021-07-30 12:40:06.868] INFO  XmlBeanDefinitionReader.loadBeanDefinitions(XmlBeanDefinitionReader.java:316) - Loading XML bean definitions from ServletContext resource [/WEB-INF/spring/appServlet/servlet-context.xml]
[2021-07-30 12:40:07.641] INFO  XmlBeanDefinitionReader.loadBeanDefinitions(XmlBeanDefinitionReader.java:316) - Loading XML bean definitions from ServletContext resource [/WEB-INF/spring/appServlet/spring-security.xml]
[2021-07-30 12:40:07.777] INFO  AutowiredAnnotationBeanPostProcessor.<init>(AutowiredAnnotationBeanPostProcessor.java:153) - JSR-330 'javax.inject.Inject' annotation found and supported for autowiring
[2021-07-30 12:40:08.059] INFO  AbstractHandlerMethodMapping$MappingRegistry.register(AbstractHandlerMethodMapping.java:547) - Mapped "{[/index.do]}" onto public java.lang.String com.suitup.controller.SuitUpController.index(org.springframework.ui.Model,java.lang.String)
[2021-07-30 12:40:08.062] INFO  AbstractHandlerMethodMapping$MappingRegistry.register(AbstractHandlerMethodMapping.java:547) - Mapped "{[/register.do]}" onto public org.springframework.web.servlet.ModelAndView com.suitup.controller.SuitUpController.register(com.suitup.domain.SuitUpCustomerVO,org.springframework.ui.Model)
[2021-07-30 12:40:08.063] INFO  AbstractHandlerMethodMapping$MappingRegistry.register(AbstractHandlerMethodMapping.java:547) - Mapped "{[/searchPage.do]}" onto public void com.suitup.controller.SuitUpController.search(com.suitup.domain.SuitUpProductVO,org.springframework.ui.Model)
[2021-07-30 12:40:08.064] INFO  AbstractHandlerMethodMapping$MappingRegistry.register(AbstractHandlerMethodMapping.java:547) - Mapped "{[/logout.do]}" onto public java.lang.String com.suitup.controller.SuitUpController.logout(javax.servlet.http.HttpServletResponse,javax.servlet.http.HttpSession,javax.servlet.http.HttpServletRequest)
[2021-07-30 12:40:08.065] INFO  AbstractHandlerMethodMapping$MappingRegistry.register(AbstractHandlerMethodMapping.java:547) - Mapped "{[/login.do],produces=[application/text;charset=UTF-8]}" onto public java.lang.String com.suitup.controller.SuitUpController.login(com.suitup.domain.SuitUpCustomerVO,javax.servlet.http.HttpSession,javax.servlet.http.HttpServletResponse)
[2021-07-30 12:40:08.066] INFO  AbstractHandlerMethodMapping$MappingRegistry.register(AbstractHandlerMethodMapping.java:547) - Mapped "{[/{url}.do]}" onto public java.lang.String com.suitup.controller.SuitUpController.viewPage(java.lang.String,org.springframework.ui.Model)
[2021-07-30 12:40:08.066] INFO  AbstractHandlerMethodMapping$MappingRegistry.register(AbstractHandlerMethodMapping.java:547) - Mapped "{[/my-page-cart.do]}" onto public java.lang.String com.suitup.controller.SuitUpController.cart(org.springframework.ui.Model,javax.servlet.http.HttpServletRequest,javax.servlet.http.HttpSession)
[2021-07-30 12:40:08.067] INFO  AbstractHandlerMethodMapping$MappingRegistry.register(AbstractHandlerMethodMapping.java:547) - Mapped "{[/changeCart.do],produces=[application/text;charset=UTF-8]}" onto public java.lang.String com.suitup.controller.SuitUpController.changeCart(com.suitup.domain.SuitUpCartVO)
[2021-07-30 12:40:08.067] INFO  AbstractHandlerMethodMapping$MappingRegistry.register(AbstractHandlerMethodMapping.java:547) - Mapped "{[/checkout.do]}" onto public java.lang.String com.suitup.controller.SuitUpController.checkout(org.springframework.ui.Model,javax.servlet.http.HttpServletRequest,javax.servlet.http.HttpSession)
[2021-07-30 12:40:08.068] INFO  AbstractHandlerMethodMapping$MappingRegistry.register(AbstractHandlerMethodMapping.java:547) - Mapped "{[/shop.do]}" onto public void com.suitup.controller.SuitUpController.shop(org.springframework.ui.Model,com.suitup.domain.SuitUpProductVO)
[2021-07-30 12:40:08.069] INFO  AbstractHandlerMethodMapping$MappingRegistry.register(AbstractHandlerMethodMapping.java:547) - Mapped "{[/product-list.do]}" onto public void com.suitup.controller.SuitUpController.adminlist(org.springframework.ui.Model)
[2021-07-30 12:40:08.069] INFO  AbstractHandlerMethodMapping$MappingRegistry.register(AbstractHandlerMethodMapping.java:547) - Mapped "{[/product-insert.do]}" onto public void com.suitup.controller.SuitUpController.productinsert(org.springframework.ui.Model)
[2021-07-30 12:40:08.070] INFO  AbstractHandlerMethodMapping$MappingRegistry.register(AbstractHandlerMethodMapping.java:547) - Mapped "{[/insertOrder.do]}" onto public java.lang.String com.suitup.controller.SuitUpController.insertOrder(java.lang.String,java.lang.String,java.lang.String,java.lang.String,org.springframework.ui.Model,javax.servlet.http.HttpServletRequest,javax.servlet.http.HttpSession)
[2021-07-30 12:40:08.070] INFO  AbstractHandlerMethodMapping$MappingRegistry.register(AbstractHandlerMethodMapping.java:547) - Mapped "{[/popularity-shop.do]}" onto public void com.suitup.controller.SuitUpController.popular(org.springframework.ui.Model,java.lang.String)
[2021-07-30 12:40:08.071] INFO  AbstractHandlerMethodMapping$MappingRegistry.register(AbstractHandlerMethodMapping.java:547) - Mapped "{[/product-save.do],methods=[POST]}" onto public java.lang.String com.suitup.controller.SuitUpController.productSave(org.springframework.ui.Model,com.suitup.domain.SuitUpProductVO,javax.servlet.http.HttpServletRequest,javax.servlet.http.HttpSession)
[2021-07-30 12:40:08.072] INFO  AbstractHandlerMethodMapping$MappingRegistry.register(AbstractHandlerMethodMapping.java:547) - Mapped "{[/product.do]}" onto public java.lang.String com.suitup.controller.SuitUpController.productDetails(com.suitup.domain.SuitUpProductVO,org.springframework.ui.Model,javax.servlet.http.HttpServletRequest,javax.servlet.http.HttpSession)
[2021-07-30 12:40:08.072] INFO  AbstractHandlerMethodMapping$MappingRegistry.register(AbstractHandlerMethodMapping.java:547) - Mapped "{[/my-page.do]}" onto public java.lang.String com.suitup.controller.SuitUpController.history(org.springframework.ui.Model,javax.servlet.http.HttpServletRequest,javax.servlet.http.HttpSession,java.lang.String)
[2021-07-30 12:40:08.072] INFO  AbstractHandlerMethodMapping$MappingRegistry.register(AbstractHandlerMethodMapping.java:547) - Mapped "{[/dropCart.do]}" onto public java.lang.String com.suitup.controller.SuitUpController.deleteCart(java.lang.String,java.lang.String,java.lang.String,org.springframework.ui.Model)
[2021-07-30 12:40:08.073] INFO  AbstractHandlerMethodMapping$MappingRegistry.register(AbstractHandlerMethodMapping.java:547) - Mapped "{[/productModify],methods=[POST]}" onto public java.lang.String com.suitup.controller.SuitUpController.productModify(javax.servlet.http.HttpServletRequest,org.springframework.ui.Model,com.suitup.domain.SuitUpProductVO)
[2021-07-30 12:40:08.074] INFO  AbstractHandlerMethodMapping$MappingRegistry.register(AbstractHandlerMethodMapping.java:547) - Mapped "{[/productDelete],methods=[POST]}" onto public java.lang.String com.suitup.controller.SuitUpController.productDelete(javax.servlet.http.HttpServletRequest,org.springframework.ui.Model)
[2021-07-30 12:40:08.074] INFO  AbstractHandlerMethodMapping$MappingRegistry.register(AbstractHandlerMethodMapping.java:547) - Mapped "{[/idCheck.do],produces=[application/text;charset=UTF-8]}" onto public java.lang.String com.suitup.controller.SuitUpController.idCheck(com.suitup.domain.SuitUpCustomerVO)
[2021-07-30 12:40:08.075] INFO  AbstractHandlerMethodMapping$MappingRegistry.register(AbstractHandlerMethodMapping.java:547) - Mapped "{[/insertCart.do]}" onto public java.lang.String com.suitup.controller.SuitUpController.insertCart(com.suitup.domain.SuitUpCartVO,javax.servlet.http.HttpServletRequest,javax.servlet.http.HttpSession)
[2021-07-30 12:40:08.075] INFO  AbstractHandlerMethodMapping$MappingRegistry.register(AbstractHandlerMethodMapping.java:547) - Mapped "{[/admin-chart.do],methods=[GET]}" onto public java.lang.String com.suitup.controller.SuitUpController.getMonthSum(org.springframework.ui.Model)
[2021-07-30 12:40:08.076] INFO  AbstractHandlerMethodMapping$MappingRegistry.register(AbstractHandlerMethodMapping.java:547) - Mapped "{[/jusoPopup.do]}" onto public java.lang.String com.suitup.controller.SuitUpController.zipcode() throws java.lang.Exception
[2021-07-30 12:40:08.076] INFO  AbstractHandlerMethodMapping$MappingRegistry.register(AbstractHandlerMethodMapping.java:547) - Mapped "{[/memModify.do]}" onto public org.springframework.web.servlet.ModelAndView com.suitup.controller.SuitUpController.memModifiy(org.springframework.web.servlet.ModelAndView,com.suitup.domain.SuitUpCustomerVO)
[2021-07-30 12:40:08.076] INFO  AbstractHandlerMethodMapping$MappingRegistry.register(AbstractHandlerMethodMapping.java:547) - Mapped "{[/insertReview.do]}" onto public java.lang.String com.suitup.controller.SuitUpController.insertReview(com.suitup.domain.SuitUpCommentVO,javax.servlet.http.HttpServletRequest,javax.servlet.http.HttpSession)
[2021-07-30 12:40:08.077] INFO  AbstractHandlerMethodMapping$MappingRegistry.register(AbstractHandlerMethodMapping.java:547) - Mapped "{[/deliveryStart.do],produces=[application/text;charset=UTF-8]}" onto public java.lang.String com.suitup.controller.SuitUpController.deliveryStart(com.suitup.domain.SuitUpOrderVO)
[2021-07-30 12:40:08.078] INFO  AbstractHandlerMethodMapping$MappingRegistry.register(AbstractHandlerMethodMapping.java:547) - Mapped "{[/deliveryEnd.do],produces=[application/text;charset=UTF-8]}" onto public java.lang.String com.suitup.controller.SuitUpController.deliveryEnd(com.suitup.domain.SuitUpOrderVO)
[2021-07-30 12:40:08.078] INFO  AbstractHandlerMethodMapping$MappingRegistry.register(AbstractHandlerMethodMapping.java:547) - Mapped "{[/my-page-modify.do]}" onto public void com.suitup.controller.SuitUpController.memberModify(org.springframework.ui.Model,javax.servlet.http.HttpServletRequest,javax.servlet.http.HttpSession)
[2021-07-30 12:40:08.079] INFO  AbstractHandlerMethodMapping$MappingRegistry.register(AbstractHandlerMethodMapping.java:547) - Mapped "{[/deleteWish.do],produces=[application/text;charset=UTF-8]}" onto public java.lang.String com.suitup.controller.SuitUpController.deleteWish(com.suitup.domain.SuitUpWishVO)
[2021-07-30 12:40:08.079] INFO  AbstractHandlerMethodMapping$MappingRegistry.register(AbstractHandlerMethodMapping.java:547) - Mapped "{[/my-page-wishlist.do]}" onto public java.lang.String com.suitup.controller.SuitUpController.wishList(org.springframework.ui.Model,javax.servlet.http.HttpServletRequest,javax.servlet.http.HttpSession)
[2021-07-30 12:40:08.080] INFO  AbstractHandlerMethodMapping$MappingRegistry.register(AbstractHandlerMethodMapping.java:547) - Mapped "{[/dropWishlist.do],produces=[application/text;charset=UTF-8]}" onto public java.lang.String com.suitup.controller.SuitUpController.dropWishlist(com.suitup.domain.SuitUpWishVO)
[2021-07-30 12:40:08.080] INFO  AbstractHandlerMethodMapping$MappingRegistry.register(AbstractHandlerMethodMapping.java:547) - Mapped "{[/admin-table.do]}" onto public java.lang.String com.suitup.controller.SuitUpController.customerInfo(org.springframework.ui.Model)
[2021-07-30 12:40:08.081] INFO  AbstractHandlerMethodMapping$MappingRegistry.register(AbstractHandlerMethodMapping.java:547) - Mapped "{[/deleteReview.do]}" onto public java.lang.String com.suitup.controller.SuitUpController.deleteReview(com.suitup.domain.SuitUpCommentVO)
[2021-07-30 12:40:08.081] INFO  AbstractHandlerMethodMapping$MappingRegistry.register(AbstractHandlerMethodMapping.java:547) - Mapped "{[/updateComment.do]}" onto public java.lang.String com.suitup.controller.SuitUpController.updateComment(com.suitup.domain.SuitUpCommentVO,javax.servlet.http.HttpServletRequest,javax.servlet.http.HttpSession)
[2021-07-30 12:40:08.081] INFO  AbstractHandlerMethodMapping$MappingRegistry.register(AbstractHandlerMethodMapping.java:547) - Mapped "{[/modify-review.do]}" onto public java.lang.String com.suitup.controller.SuitUpController.modifyReview(com.suitup.domain.SuitUpCommentVO,javax.servlet.http.HttpServletRequest,javax.servlet.http.HttpSession,org.springframework.ui.Model)
[2021-07-30 12:40:08.082] INFO  AbstractHandlerMethodMapping$MappingRegistry.register(AbstractHandlerMethodMapping.java:547) - Mapped "{[/insertWish.do],produces=[application/text;charset=UTF-8]}" onto public java.lang.String com.suitup.controller.SuitUpController.insertWish(com.suitup.domain.SuitUpWishVO)
[2021-07-30 12:40:08.082] INFO  AbstractHandlerMethodMapping$MappingRegistry.register(AbstractHandlerMethodMapping.java:547) - Mapped "{[/admin-order.do || /admin-delivery.do || /admin-delivery-ok.do]}" onto public java.lang.String com.suitup.controller.SuitUpController.orderInfo(org.springframework.ui.Model,com.suitup.domain.SuitUpOrderVO,javax.servlet.http.HttpServletRequest)
[2021-07-30 12:40:08.082] INFO  AbstractHandlerMethodMapping$MappingRegistry.register(AbstractHandlerMethodMapping.java:547) - Mapped "{[/pwdModifyOk.do],produces=[application/text;charset=UTF-8]}" onto public java.lang.String com.suitup.controller.SuitUpController.pwdModifyOk(com.suitup.domain.SuitUpCustomerVO)
[2021-07-30 12:40:08.083] INFO  AbstractHandlerMethodMapping$MappingRegistry.register(AbstractHandlerMethodMapping.java:547) - Mapped "{[/myDelete.do],produces=[application/text;charset=UTF-8]}" onto public java.lang.String com.suitup.controller.SuitUpController.myDelete(com.suitup.domain.SuitUpCustomerVO,javax.servlet.http.HttpServletResponse,javax.servlet.http.HttpSession,javax.servlet.http.HttpServletRequest)
[2021-07-30 12:40:08.083] INFO  AbstractHandlerMethodMapping$MappingRegistry.register(AbstractHandlerMethodMapping.java:547) - Mapped "{[/pwdModify.do],produces=[application/text;charset=UTF-8]}" onto public java.lang.String com.suitup.controller.SuitUpController.pwdModify(com.suitup.domain.SuitUpCustomerVO)
[2021-07-30 12:40:08.083] INFO  AbstractHandlerMethodMapping$MappingRegistry.register(AbstractHandlerMethodMapping.java:547) - Mapped "{[/deleteCartlist.do],produces=[application/text;charset=UTF-8]}" onto public java.lang.String com.suitup.controller.SuitUpController.deleteCartlist(com.suitup.domain.SuitUpCartVO)
[2021-07-30 12:40:08.084] INFO  AbstractHandlerMethodMapping$MappingRegistry.register(AbstractHandlerMethodMapping.java:547) - Mapped "{[/pwdReset.do],produces=[application/text;charset=UTF-8]}" onto public java.lang.String com.suitup.controller.SuitUpController.pwdReset(com.suitup.domain.SuitUpCustomerVO)
[2021-07-30 12:40:08.084] INFO  AbstractHandlerMethodMapping$MappingRegistry.register(AbstractHandlerMethodMapping.java:547) - Mapped "{[/product-modify.do]}" onto public java.lang.String com.suitup.controller.SuitUpController.productModifypage(javax.servlet.http.HttpServletRequest,org.springframework.web.servlet.mvc.support.RedirectAttributes,com.suitup.domain.SuitUpProductVO,org.springframework.ui.Model)
[2021-07-30 12:40:08.196] INFO  RequestMappingHandlerAdapter.initControllerAdviceCache(RequestMappingHandlerAdapter.java:574) - Looking for @ControllerAdvice: WebApplicationContext for namespace 'appServlet-servlet': startup date [Fri Jul 30 12:40:06 KST 2021]; parent: Root WebApplicationContext
[2021-07-30 12:40:08.259] INFO  RequestMappingHandlerAdapter.initControllerAdviceCache(RequestMappingHandlerAdapter.java:574) - Looking for @ControllerAdvice: WebApplicationContext for namespace 'appServlet-servlet': startup date [Fri Jul 30 12:40:06 KST 2021]; parent: Root WebApplicationContext
[2021-07-30 12:40:08.334] INFO  AbstractUrlHandlerMapping.registerHandler(AbstractUrlHandlerMapping.java:373) - Mapped URL path [/resources/**] onto handler 'org.springframework.web.servlet.resource.ResourceHttpRequestHandler#0'
[2021-07-30 12:40:08.445] INFO  FrameworkServlet.initServletBean(FrameworkServlet.java:509) - FrameworkServlet 'appServlet': initialization completed in 1580 ms
[2021-07-30 12:40:10.680] WARN  DispatcherServlet.noHandlerFound(DispatcherServlet.java:1205) - No mapping found for HTTP request with URI [/Suitup/images/icons/thum3.png] in DispatcherServlet with name 'appServlet'
[2021-07-30 12:40:10.686] WARN  DispatcherServlet.noHandlerFound(DispatcherServlet.java:1205) - No mapping found for HTTP request with URI [/Suitup/images/icons/thum5.png] in DispatcherServlet with name 'appServlet'
[2021-07-30 12:40:10.685] WARN  DispatcherServlet.noHandlerFound(DispatcherServlet.java:1205) - No mapping found for HTTP request with URI [/Suitup/images/feature-img/5.jpg] in DispatcherServlet with name 'appServlet'
[2021-07-30 12:40:10.685] WARN  DispatcherServlet.noHandlerFound(DispatcherServlet.java:1205) - No mapping found for HTTP request with URI [/Suitup/images/icons/thum2.png] in DispatcherServlet with name 'appServlet'
[2021-07-30 12:40:10.685] WARN  DispatcherServlet.noHandlerFound(DispatcherServlet.java:1205) - No mapping found for HTTP request with URI [/Suitup/images/icons/thum4.png] in DispatcherServlet with name 'appServlet'
[2021-07-30 12:40:10.685] WARN  DispatcherServlet.noHandlerFound(DispatcherServlet.java:1205) - No mapping found for HTTP request with URI [/Suitup/images/feature-img/2.png] in DispatcherServlet with name 'appServlet'
[2021-07-30 12:40:10.736] WARN  DispatcherServlet.noHandlerFound(DispatcherServlet.java:1205) - No mapping found for HTTP request with URI [/Suitup/images/icons/thum6.png] in DispatcherServlet with name 'appServlet'
[2021-07-30 13:03:35.159] INFO  ContextLoader.initWebApplicationContext(ContextLoader.java:270) - Root WebApplicationContext: initialization started
[2021-07-30 13:03:35.242] INFO  AbstractApplicationContext.prepareRefresh(AbstractApplicationContext.java:590) - Refreshing Root WebApplicationContext: startup date [Fri Jul 30 13:03:35 KST 2021]; root of context hierarchy
[2021-07-30 13:03:35.306] INFO  XmlBeanDefinitionReader.loadBeanDefinitions(XmlBeanDefinitionReader.java:316) - Loading XML bean definitions from ServletContext resource [/WEB-INF/spring/root-context.xml]
[2021-07-30 13:03:35.965] INFO  ContextLoader.initWebApplicationContext(ContextLoader.java:310) - Root WebApplicationContext: initialization completed in 801 ms
[2021-07-30 13:03:36.008] INFO  FrameworkServlet.initServletBean(FrameworkServlet.java:494) - FrameworkServlet 'appServlet': initialization started
[2021-07-30 13:03:36.011] INFO  AbstractApplicationContext.prepareRefresh(AbstractApplicationContext.java:590) - Refreshing WebApplicationContext for namespace 'appServlet-servlet': startup date [Fri Jul 30 13:03:36 KST 2021]; parent: Root WebApplicationContext
[2021-07-30 13:03:36.011] INFO  XmlBeanDefinitionReader.loadBeanDefinitions(XmlBeanDefinitionReader.java:316) - Loading XML bean definitions from ServletContext resource [/WEB-INF/spring/appServlet/servlet-context.xml]
[2021-07-30 13:03:36.767] INFO  XmlBeanDefinitionReader.loadBeanDefinitions(XmlBeanDefinitionReader.java:316) - Loading XML bean definitions from ServletContext resource [/WEB-INF/spring/appServlet/spring-security.xml]
[2021-07-30 13:03:36.874] INFO  AutowiredAnnotationBeanPostProcessor.<init>(AutowiredAnnotationBeanPostProcessor.java:153) - JSR-330 'javax.inject.Inject' annotation found and supported for autowiring
[2021-07-30 13:03:37.144] INFO  AbstractHandlerMethodMapping$MappingRegistry.register(AbstractHandlerMethodMapping.java:547) - Mapped "{[/index.do]}" onto public java.lang.String com.suitup.controller.SuitUpController.index(org.springframework.ui.Model,java.lang.String)
[2021-07-30 13:03:37.146] INFO  AbstractHandlerMethodMapping$MappingRegistry.register(AbstractHandlerMethodMapping.java:547) - Mapped "{[/register.do]}" onto public org.springframework.web.servlet.ModelAndView com.suitup.controller.SuitUpController.register(com.suitup.domain.SuitUpCustomerVO,org.springframework.ui.Model)
[2021-07-30 13:03:37.146] INFO  AbstractHandlerMethodMapping$MappingRegistry.register(AbstractHandlerMethodMapping.java:547) - Mapped "{[/searchPage.do]}" onto public void com.suitup.controller.SuitUpController.search(com.suitup.domain.SuitUpProductVO,org.springframework.ui.Model)
[2021-07-30 13:03:37.147] INFO  AbstractHandlerMethodMapping$MappingRegistry.register(AbstractHandlerMethodMapping.java:547) - Mapped "{[/login.do],produces=[application/text;charset=UTF-8]}" onto public java.lang.String com.suitup.controller.SuitUpController.login(com.suitup.domain.SuitUpCustomerVO,javax.servlet.http.HttpSession,javax.servlet.http.HttpServletResponse)
[2021-07-30 13:03:37.148] INFO  AbstractHandlerMethodMapping$MappingRegistry.register(AbstractHandlerMethodMapping.java:547) - Mapped "{[/logout.do]}" onto public java.lang.String com.suitup.controller.SuitUpController.logout(javax.servlet.http.HttpServletResponse,javax.servlet.http.HttpSession,javax.servlet.http.HttpServletRequest)
[2021-07-30 13:03:37.148] INFO  AbstractHandlerMethodMapping$MappingRegistry.register(AbstractHandlerMethodMapping.java:547) - Mapped "{[/product-modify.do]}" onto public java.lang.String com.suitup.controller.SuitUpController.productModifypage(javax.servlet.http.HttpServletRequest,org.springframework.web.servlet.mvc.support.RedirectAttributes,com.suitup.domain.SuitUpProductVO,org.springframework.ui.Model)
[2021-07-30 13:03:37.149] INFO  AbstractHandlerMethodMapping$MappingRegistry.register(AbstractHandlerMethodMapping.java:547) - Mapped "{[/deliveryStart.do],produces=[application/text;charset=UTF-8]}" onto public java.lang.String com.suitup.controller.SuitUpController.deliveryStart(com.suitup.domain.SuitUpOrderVO)
[2021-07-30 13:03:37.149] INFO  AbstractHandlerMethodMapping$MappingRegistry.register(AbstractHandlerMethodMapping.java:547) - Mapped "{[/deliveryEnd.do],produces=[application/text;charset=UTF-8]}" onto public java.lang.String com.suitup.controller.SuitUpController.deliveryEnd(com.suitup.domain.SuitUpOrderVO)
[2021-07-30 13:03:37.150] INFO  AbstractHandlerMethodMapping$MappingRegistry.register(AbstractHandlerMethodMapping.java:547) - Mapped "{[/deleteWish.do],produces=[application/text;charset=UTF-8]}" onto public java.lang.String com.suitup.controller.SuitUpController.deleteWish(com.suitup.domain.SuitUpWishVO)
[2021-07-30 13:03:37.150] INFO  AbstractHandlerMethodMapping$MappingRegistry.register(AbstractHandlerMethodMapping.java:547) - Mapped "{[/insertReview.do]}" onto public java.lang.String com.suitup.controller.SuitUpController.insertReview(com.suitup.domain.SuitUpCommentVO,javax.servlet.http.HttpServletRequest,javax.servlet.http.HttpSession)
[2021-07-30 13:03:37.150] INFO  AbstractHandlerMethodMapping$MappingRegistry.register(AbstractHandlerMethodMapping.java:547) - Mapped "{[/modify-review.do]}" onto public java.lang.String com.suitup.controller.SuitUpController.modifyReview(com.suitup.domain.SuitUpCommentVO,javax.servlet.http.HttpServletRequest,javax.servlet.http.HttpSession,org.springframework.ui.Model)
[2021-07-30 13:03:37.151] INFO  AbstractHandlerMethodMapping$MappingRegistry.register(AbstractHandlerMethodMapping.java:547) - Mapped "{[/updateComment.do]}" onto public java.lang.String com.suitup.controller.SuitUpController.updateComment(com.suitup.domain.SuitUpCommentVO,javax.servlet.http.HttpServletRequest,javax.servlet.http.HttpSession)
[2021-07-30 13:03:37.151] INFO  AbstractHandlerMethodMapping$MappingRegistry.register(AbstractHandlerMethodMapping.java:547) - Mapped "{[/pwdModify.do],produces=[application/text;charset=UTF-8]}" onto public java.lang.String com.suitup.controller.SuitUpController.pwdModify(com.suitup.domain.SuitUpCustomerVO)
[2021-07-30 13:03:37.151] INFO  AbstractHandlerMethodMapping$MappingRegistry.register(AbstractHandlerMethodMapping.java:547) - Mapped "{[/pwdModifyOk.do],produces=[application/text;charset=UTF-8]}" onto public java.lang.String com.suitup.controller.SuitUpController.pwdModifyOk(com.suitup.domain.SuitUpCustomerVO)
[2021-07-30 13:03:37.152] INFO  AbstractHandlerMethodMapping$MappingRegistry.register(AbstractHandlerMethodMapping.java:547) - Mapped "{[/admin-chart.do],methods=[GET]}" onto public java.lang.String com.suitup.controller.SuitUpController.getMonthSum(org.springframework.ui.Model)
[2021-07-30 13:03:37.152] INFO  AbstractHandlerMethodMapping$MappingRegistry.register(AbstractHandlerMethodMapping.java:547) - Mapped "{[/insertWish.do],produces=[application/text;charset=UTF-8]}" onto public java.lang.String com.suitup.controller.SuitUpController.insertWish(com.suitup.domain.SuitUpWishVO)
[2021-07-30 13:03:37.152] INFO  AbstractHandlerMethodMapping$MappingRegistry.register(AbstractHandlerMethodMapping.java:547) - Mapped "{[/admin-order.do || /admin-delivery.do || /admin-delivery-ok.do]}" onto public java.lang.String com.suitup.controller.SuitUpController.orderInfo(org.springframework.ui.Model,com.suitup.domain.SuitUpOrderVO,javax.servlet.http.HttpServletRequest)
[2021-07-30 13:03:37.153] INFO  AbstractHandlerMethodMapping$MappingRegistry.register(AbstractHandlerMethodMapping.java:547) - Mapped "{[/myDelete.do],produces=[application/text;charset=UTF-8]}" onto public java.lang.String com.suitup.controller.SuitUpController.myDelete(com.suitup.domain.SuitUpCustomerVO,javax.servlet.http.HttpServletResponse,javax.servlet.http.HttpSession,javax.servlet.http.HttpServletRequest)
[2021-07-30 13:03:37.153] INFO  AbstractHandlerMethodMapping$MappingRegistry.register(AbstractHandlerMethodMapping.java:547) - Mapped "{[/deleteReview.do]}" onto public java.lang.String com.suitup.controller.SuitUpController.deleteReview(com.suitup.domain.SuitUpCommentVO)
[2021-07-30 13:03:37.154] INFO  AbstractHandlerMethodMapping$MappingRegistry.register(AbstractHandlerMethodMapping.java:547) - Mapped "{[/admin-table.do]}" onto public java.lang.String com.suitup.controller.SuitUpController.customerInfo(org.springframework.ui.Model)
[2021-07-30 13:03:37.154] INFO  AbstractHandlerMethodMapping$MappingRegistry.register(AbstractHandlerMethodMapping.java:547) - Mapped "{[/my-page-wishlist.do]}" onto public java.lang.String com.suitup.controller.SuitUpController.wishList(org.springframework.ui.Model,javax.servlet.http.HttpServletRequest,javax.servlet.http.HttpSession)
[2021-07-30 13:03:37.154] INFO  AbstractHandlerMethodMapping$MappingRegistry.register(AbstractHandlerMethodMapping.java:547) - Mapped "{[/dropWishlist.do],produces=[application/text;charset=UTF-8]}" onto public java.lang.String com.suitup.controller.SuitUpController.dropWishlist(com.suitup.domain.SuitUpWishVO)
[2021-07-30 13:03:37.155] INFO  AbstractHandlerMethodMapping$MappingRegistry.register(AbstractHandlerMethodMapping.java:547) - Mapped "{[/deleteCartlist.do],produces=[application/text;charset=UTF-8]}" onto public java.lang.String com.suitup.controller.SuitUpController.deleteCartlist(com.suitup.domain.SuitUpCartVO)
[2021-07-30 13:03:37.155] INFO  AbstractHandlerMethodMapping$MappingRegistry.register(AbstractHandlerMethodMapping.java:547) - Mapped "{[/pwdReset.do],produces=[application/text;charset=UTF-8]}" onto public java.lang.String com.suitup.controller.SuitUpController.pwdReset(com.suitup.domain.SuitUpCustomerVO)
[2021-07-30 13:03:37.155] INFO  AbstractHandlerMethodMapping$MappingRegistry.register(AbstractHandlerMethodMapping.java:547) - Mapped "{[/insertCart.do]}" onto public java.lang.String com.suitup.controller.SuitUpController.insertCart(com.suitup.domain.SuitUpCartVO,javax.servlet.http.HttpServletRequest,javax.servlet.http.HttpSession)
[2021-07-30 13:03:37.156] INFO  AbstractHandlerMethodMapping$MappingRegistry.register(AbstractHandlerMethodMapping.java:547) - Mapped "{[/my-page-cart.do]}" onto public java.lang.String com.suitup.controller.SuitUpController.cart(org.springframework.ui.Model,javax.servlet.http.HttpServletRequest,javax.servlet.http.HttpSession)
[2021-07-30 13:03:37.156] INFO  AbstractHandlerMethodMapping$MappingRegistry.register(AbstractHandlerMethodMapping.java:547) - Mapped "{[/dropCart.do]}" onto public java.lang.String com.suitup.controller.SuitUpController.deleteCart(java.lang.String,java.lang.String,java.lang.String,org.springframework.ui.Model)
[2021-07-30 13:03:37.156] INFO  AbstractHandlerMethodMapping$MappingRegistry.register(AbstractHandlerMethodMapping.java:547) - Mapped "{[/checkout.do]}" onto public java.lang.String com.suitup.controller.SuitUpController.checkout(org.springframework.ui.Model,javax.servlet.http.HttpServletRequest,javax.servlet.http.HttpSession)
[2021-07-30 13:03:37.157] INFO  AbstractHandlerMethodMapping$MappingRegistry.register(AbstractHandlerMethodMapping.java:547) - Mapped "{[/insertOrder.do]}" onto public java.lang.String com.suitup.controller.SuitUpController.insertOrder(java.lang.String,java.lang.String,java.lang.String,java.lang.String,org.springframework.ui.Model,javax.servlet.http.HttpServletRequest,javax.servlet.http.HttpSession)
[2021-07-30 13:03:37.157] INFO  AbstractHandlerMethodMapping$MappingRegistry.register(AbstractHandlerMethodMapping.java:547) - Mapped "{[/{url}.do]}" onto public java.lang.String com.suitup.controller.SuitUpController.viewPage(java.lang.String,org.springframework.ui.Model)
[2021-07-30 13:03:37.157] INFO  AbstractHandlerMethodMapping$MappingRegistry.register(AbstractHandlerMethodMapping.java:547) - Mapped "{[/changeCart.do],produces=[application/text;charset=UTF-8]}" onto public java.lang.String com.suitup.controller.SuitUpController.changeCart(com.suitup.domain.SuitUpCartVO)
[2021-07-30 13:03:37.158] INFO  AbstractHandlerMethodMapping$MappingRegistry.register(AbstractHandlerMethodMapping.java:547) - Mapped "{[/my-page.do]}" onto public java.lang.String com.suitup.controller.SuitUpController.history(org.springframework.ui.Model,javax.servlet.http.HttpServletRequest,javax.servlet.http.HttpSession,java.lang.String)
[2021-07-30 13:03:37.158] INFO  AbstractHandlerMethodMapping$MappingRegistry.register(AbstractHandlerMethodMapping.java:547) - Mapped "{[/jusoPopup.do]}" onto public java.lang.String com.suitup.controller.SuitUpController.zipcode() throws java.lang.Exception
[2021-07-30 13:03:37.158] INFO  AbstractHandlerMethodMapping$MappingRegistry.register(AbstractHandlerMethodMapping.java:547) - Mapped "{[/popularity-shop.do]}" onto public void com.suitup.controller.SuitUpController.popular(org.springframework.ui.Model,java.lang.String)
[2021-07-30 13:03:37.159] INFO  AbstractHandlerMethodMapping$MappingRegistry.register(AbstractHandlerMethodMapping.java:547) - Mapped "{[/shop.do]}" onto public void com.suitup.controller.SuitUpController.shop(org.springframework.ui.Model,com.suitup.domain.SuitUpProductVO)
[2021-07-30 13:03:37.159] INFO  AbstractHandlerMethodMapping$MappingRegistry.register(AbstractHandlerMethodMapping.java:547) - Mapped "{[/productDelete],methods=[POST]}" onto public java.lang.String com.suitup.controller.SuitUpController.productDelete(javax.servlet.http.HttpServletRequest,org.springframework.ui.Model)
[2021-07-30 13:03:37.159] INFO  AbstractHandlerMethodMapping$MappingRegistry.register(AbstractHandlerMethodMapping.java:547) - Mapped "{[/product-insert.do]}" onto public void com.suitup.controller.SuitUpController.productinsert(org.springframework.ui.Model)
[2021-07-30 13:03:37.159] INFO  AbstractHandlerMethodMapping$MappingRegistry.register(AbstractHandlerMethodMapping.java:547) - Mapped "{[/product-save.do],methods=[POST]}" onto public java.lang.String com.suitup.controller.SuitUpController.productSave(org.springframework.ui.Model,com.suitup.domain.SuitUpProductVO,javax.servlet.http.HttpServletRequest,javax.servlet.http.HttpSession)
[2021-07-30 13:03:37.160] INFO  AbstractHandlerMethodMapping$MappingRegistry.register(AbstractHandlerMethodMapping.java:547) - Mapped "{[/product-list.do]}" onto public void com.suitup.controller.SuitUpController.adminlist(org.springframework.ui.Model)
[2021-07-30 13:03:37.160] INFO  AbstractHandlerMethodMapping$MappingRegistry.register(AbstractHandlerMethodMapping.java:547) - Mapped "{[/memModify.do]}" onto public org.springframework.web.servlet.ModelAndView com.suitup.controller.SuitUpController.memModifiy(org.springframework.web.servlet.ModelAndView,com.suitup.domain.SuitUpCustomerVO)
[2021-07-30 13:03:37.160] INFO  AbstractHandlerMethodMapping$MappingRegistry.register(AbstractHandlerMethodMapping.java:547) - Mapped "{[/my-page-modify.do]}" onto public void com.suitup.controller.SuitUpController.memberModify(org.springframework.ui.Model,javax.servlet.http.HttpServletRequest,javax.servlet.http.HttpSession)
[2021-07-30 13:03:37.161] INFO  AbstractHandlerMethodMapping$MappingRegistry.register(AbstractHandlerMethodMapping.java:547) - Mapped "{[/product.do]}" onto public java.lang.String com.suitup.controller.SuitUpController.productDetails(com.suitup.domain.SuitUpProductVO,org.springframework.ui.Model,javax.servlet.http.HttpServletRequest,javax.servlet.http.HttpSession)
[2021-07-30 13:03:37.161] INFO  AbstractHandlerMethodMapping$MappingRegistry.register(AbstractHandlerMethodMapping.java:547) - Mapped "{[/productModify],methods=[POST]}" onto public java.lang.String com.suitup.controller.SuitUpController.productModify(javax.servlet.http.HttpServletRequest,org.springframework.ui.Model,com.suitup.domain.SuitUpProductVO)
[2021-07-30 13:03:37.161] INFO  AbstractHandlerMethodMapping$MappingRegistry.register(AbstractHandlerMethodMapping.java:547) - Mapped "{[/idCheck.do],produces=[application/text;charset=UTF-8]}" onto public java.lang.String com.suitup.controller.SuitUpController.idCheck(com.suitup.domain.SuitUpCustomerVO)
[2021-07-30 13:03:37.259] INFO  RequestMappingHandlerAdapter.initControllerAdviceCache(RequestMappingHandlerAdapter.java:574) - Looking for @ControllerAdvice: WebApplicationContext for namespace 'appServlet-servlet': startup date [Fri Jul 30 13:03:36 KST 2021]; parent: Root WebApplicationContext
[2021-07-30 13:03:37.313] INFO  RequestMappingHandlerAdapter.initControllerAdviceCache(RequestMappingHandlerAdapter.java:574) - Looking for @ControllerAdvice: WebApplicationContext for namespace 'appServlet-servlet': startup date [Fri Jul 30 13:03:36 KST 2021]; parent: Root WebApplicationContext
[2021-07-30 13:03:37.375] INFO  AbstractUrlHandlerMapping.registerHandler(AbstractUrlHandlerMapping.java:373) - Mapped URL path [/resources/**] onto handler 'org.springframework.web.servlet.resource.ResourceHttpRequestHandler#0'
[2021-07-30 13:03:37.472] INFO  FrameworkServlet.initServletBean(FrameworkServlet.java:509) - FrameworkServlet 'appServlet': initialization completed in 1464 ms
[2021-07-30 13:03:39.347] WARN  DispatcherServlet.noHandlerFound(DispatcherServlet.java:1205) - No mapping found for HTTP request with URI [/Suitup/images/icons/thum2.png] in DispatcherServlet with name 'appServlet'
[2021-07-30 13:03:39.347] WARN  DispatcherServlet.noHandlerFound(DispatcherServlet.java:1205) - No mapping found for HTTP request with URI [/Suitup/images/feature-img/5.jpg] in DispatcherServlet with name 'appServlet'
[2021-07-30 13:03:39.347] WARN  DispatcherServlet.noHandlerFound(DispatcherServlet.java:1205) - No mapping found for HTTP request with URI [/Suitup/images/icons/thum3.png] in DispatcherServlet with name 'appServlet'
[2021-07-30 13:03:39.347] WARN  DispatcherServlet.noHandlerFound(DispatcherServlet.java:1205) - No mapping found for HTTP request with URI [/Suitup/images/icons/thum5.png] in DispatcherServlet with name 'appServlet'
[2021-07-30 13:03:39.347] WARN  DispatcherServlet.noHandlerFound(DispatcherServlet.java:1205) - No mapping found for HTTP request with URI [/Suitup/images/feature-img/2.png] in DispatcherServlet with name 'appServlet'
[2021-07-30 13:03:39.347] WARN  DispatcherServlet.noHandlerFound(DispatcherServlet.java:1205) - No mapping found for HTTP request with URI [/Suitup/images/icons/thum4.png] in DispatcherServlet with name 'appServlet'
[2021-07-30 13:03:39.386] WARN  DispatcherServlet.noHandlerFound(DispatcherServlet.java:1205) - No mapping found for HTTP request with URI [/Suitup/images/icons/thum6.png] in DispatcherServlet with name 'appServlet'
[2021-07-30 13:06:48.930] WARN  DispatcherServlet.noHandlerFound(DispatcherServlet.java:1205) - No mapping found for HTTP request with URI [/Suitup/images/icons/thum2.png] in DispatcherServlet with name 'appServlet'
[2021-07-30 13:06:48.958] WARN  DispatcherServlet.noHandlerFound(DispatcherServlet.java:1205) - No mapping found for HTTP request with URI [/Suitup/images/icons/thum3.png] in DispatcherServlet with name 'appServlet'
[2021-07-30 13:06:48.961] WARN  DispatcherServlet.noHandlerFound(DispatcherServlet.java:1205) - No mapping found for HTTP request with URI [/Suitup/images/feature-img/5.jpg] in DispatcherServlet with name 'appServlet'
[2021-07-30 13:06:48.961] WARN  DispatcherServlet.noHandlerFound(DispatcherServlet.java:1205) - No mapping found for HTTP request with URI [/Suitup/images/icons/thum6.png] in DispatcherServlet with name 'appServlet'
[2021-07-30 13:06:48.961] WARN  DispatcherServlet.noHandlerFound(DispatcherServlet.java:1205) - No mapping found for HTTP request with URI [/Suitup/images/icons/thum5.png] in DispatcherServlet with name 'appServlet'
[2021-07-30 13:06:48.961] WARN  DispatcherServlet.noHandlerFound(DispatcherServlet.java:1205) - No mapping found for HTTP request with URI [/Suitup/images/feature-img/2.png] in DispatcherServlet with name 'appServlet'
[2021-07-30 13:06:48.961] WARN  DispatcherServlet.noHandlerFound(DispatcherServlet.java:1205) - No mapping found for HTTP request with URI [/Suitup/images/icons/thum4.png] in DispatcherServlet with name 'appServlet'
